#
# A fatal error has been detected by the Java Runtime Environment:
#
#  EXCEPTION_ACCESS_VIOLATION (0xc0000005) at pc=0x00007ff866006a87, pid=11272, tid=60152
#
# JRE version: Java(TM) SE Runtime Environment (17.0.2+8) (build 17.0.2+8-LTS-86)
# Java VM: Java HotSpot(TM) 64-Bit Server VM (17.0.2+8-LTS-86, mixed mode, sharing, tiered, compressed oops, compressed class ptrs, g1 gc, windows-amd64)
# Problematic frame:
# C  [glass.dll+0x26a87]
#
# No core dump will be written. Minidumps are not enabled by default on client versions of Windows
#
# If you would like to submit a bug report, please visit:
#   https://bugreport.java.com/bugreport/crash.jsp
#

---------------  S U M M A R Y ------------

Command Line: -javaagent:C:\Program Files\JetBrains\IntelliJ IDEA 2021.3.2\lib\idea_rt.jar=54352:C:\Program Files\JetBrains\IntelliJ IDEA 2021.3.2\bin -Dfile.encoding=UTF-8 --module-path=C:\Users\wdrss\.m2\repository\com\dlsc\formsfx\formsfx-core\11.3.2\formsfx-core-11.3.2.jar;C:\Users\wdrss\.m2\repository\org\kordamp\ikonli\ikonli-core\12.2.0\ikonli-core-12.2.0.jar;C:\Users\wdrss\.m2\repository\org\openjfx\javafx-graphics\17.0.1\javafx-graphics-17.0.1-win.jar;C:\Users\wdrss\.m2\repository\org\openjfx\javafx-controls\17.0.1\javafx-controls-17.0.1-win.jar;C:\Users\wdrss\.m2\repository\org\openjfx\javafx-base\17.0.1\javafx-base-17.0.1-win.jar;C:\Users\wdrss\.m2\repository\org\openjfx\javafx-media\17.0.1\javafx-media-17.0.1-win.jar;C:\Users\wdrss\SDGroupProject\target\classes;C:\Users\wdrss\.m2\repository\org\kordamp\ikonli\ikonli-javafx\12.2.0\ikonli-javafx-12.2.0.jar;C:\Users\wdrss\.m2\repository\org\controlsfx\controlsfx\11.1.0\controlsfx-11.1.0.jar;C:\Users\wdrss\.m2\repository\org\openjfx\javafx-fxml\17.0.1\javafx-fxml-17.0.1-win.jar;C:\Users\wdrss\.m2\repository\org\openjfx\javafx-web\17.0.1\javafx-web-17.0.1-win.jar;C:\Users\wdrss\.m2\repository\net\synedra\validatorfx\0.1.13\validatorfx-0.1.13.jar;C:\Users\wdrss\.m2\repository\eu\hansolo\tilesfx\11.48\tilesfx-11.48.jar;C:\Users\wdrss\.m2\repository\org\kordamp\bootstrapfx\bootstrapfx-core\0.4.0\bootstrapfx-core-0.4.0.jar -Djdk.module.main=com.example.sdgroupproject com.example.sdgroupproject/com.example.sdgroupproject.Application

Host: AMD Ryzen 7 5700U with Radeon Graphics         , 16 cores, 15G,  Windows 10 , 64 bit Build 19041 (10.0.19041.1503)
Time: Tue Apr 12 17:48:34 2022 West-Europa (zomertijd) elapsed time: 574.508450 seconds (0d 0h 9m 34s)

---------------  T H R E A D  ---------------

Current thread (0x0000020628f90da0):  VMThread "VM Thread" [stack: 0x000000c84ac00000,0x000000c84ad00000] [id=60152]

Stack: [0x000000c84ac00000,0x000000c84ad00000],  sp=0x000000c84acfeda0,  free space=1019k
Native frames: (J=compiled Java code, j=interpreted, Vv=VM code, C=native code)
C  [glass.dll+0x26a87]


siginfo: EXCEPTION_ACCESS_VIOLATION (0xc0000005), reading address 0x0000000000000000


Register to memory mapping:

RIP=0x00007ff866006a87 glass.dll
RAX=0x0 is NULL
RBX=0x0000020628fa37d0 is a global jni handle
RCX=0x0000020628f90da0 points into unknown readable memory: 0x00007ff83f27e890 | 90 e8 27 3f f8 7f 00 00
RDX=0x000000c84acfeda0 points into unknown readable memory: 0x0000000000000000 | 00 00 00 00 00 00 00 00
RSP=0x000000c84acfeda0 points into unknown readable memory: 0x0000000000000000 | 00 00 00 00 00 00 00 00
RBP=0x000002062a5dd1f8 points into unknown readable memory: 0x00004805d6b2473f | 3f 47 b2 d6 05 48 00 00
RSI=0x000002062a5dd1d0 points into unknown readable memory: 0x000077f9e5b25809 | 09 58 b2 e5 f9 77 00 00
RDI=0x00004805d6b2473f is an unknown value
R8 =0x0000000000010002 is an unknown value
R9 =0x00004805d6b2473f is an unknown value
R10=0x0000000000008000 is an unknown value
R11=0x000000c84acfed30 points into unknown readable memory: 0x000002062a5dd1d0 | d0 d1 5d 2a 06 02 00 00
R12=0x00007ff866004354 glass.dll
R13=0x00007ff83f4249d0 jvm.dll
R14=0x000000c84acfee98 points into unknown readable memory: 0x000000c84acfee80 | 80 ee cf 4a c8 00 00 00
R15=0x000002062a5dd1d0 points into unknown readable memory: 0x000077f9e5b25809 | 09 58 b2 e5 f9 77 00 00


Registers:
RAX=0x0000000000000000, RBX=0x0000020628fa37d0, RCX=0x0000020628f90da0, RDX=0x000000c84acfeda0
RSP=0x000000c84acfeda0, RBP=0x000002062a5dd1f8, RSI=0x000002062a5dd1d0, RDI=0x00004805d6b2473f
R8 =0x0000000000010002, R9 =0x00004805d6b2473f, R10=0x0000000000008000, R11=0x000000c84acfed30
R12=0x00007ff866004354, R13=0x00007ff83f4249d0, R14=0x000000c84acfee98, R15=0x000002062a5dd1d0
RIP=0x00007ff866006a87, EFLAGS=0x0000000000010202

Top of Stack: (sp=0x000000c84acfeda0)
0x000000c84acfeda0:   0000000000000000 000002062a5dd1d0
0x000000c84acfedb0:   00007ff83f4249d0 00007ff866004354
0x000000c84acfedc0:   000002062a5dd1d8 00007ff896c442d6
0x000000c84acfedd0:   00004805d6b2473f 0000020600000000
0x000000c84acfede0:   000002062a5dd1f8 000002062a5dd1d0
0x000000c84acfedf0:   fffffffffffffffe 0000000000000000
0x000000c84acfee00:   0000000000000001 00007ff865fe0000
0x000000c84acfee10:   000000c84acfee88 00007ff896c441fb
0x000000c84acfee20:   0000000000000000 000000c84acfee98
0x000000c84acfee30:   000000c84acff160 00007ff896d20e40
0x000000c84acfee40:   0000000000000001 00007ff896c441b4
0x000000c84acfee50:   0000000000000000 0000000000000001
0x000000c84acfee60:   0000000000000000 000000c84acfee88
0x000000c84acfee70:   0000000000000001 00007ff8660041e1
0x000000c84acfee80:   00007ff86601a138 00007ff800000002
0x000000c84acfee90:   0000000000000002 000000c84acfee80 

Instructions: (pc=0x00007ff866006a87)
0x00007ff866006987:   8b 4d 58 e8 01 cf ff ff 48 8b 4d 60 e8 f8 ce ff
0x00007ff866006997:   ff 48 8b 95 80 00 00 00 48 8b 8d 18 01 00 00 e8
0x00007ff8660069a7:   c6 c3 ff ff 33 d2 33 c9 e8 3c e1 ff ff 90 48 89
0x00007ff8660069b7:   54 24 10 55 48 83 ec 20 48 8b ea 48 b8 00 00 00
0x00007ff8660069c7:   00 00 00 00 00 48 83 c4 20 5d c3 cc 40 55 48 8b
0x00007ff8660069d7:   ea 48 8b 01 33 c9 81 38 05 00 00 c0 0f 94 c1 8b
0x00007ff8660069e7:   c1 5d c3 cc 40 55 48 83 ec 20 48 8b ea 8a 4d 40
0x00007ff8660069f7:   48 83 c4 20 5d e9 f7 d2 ff ff cc 40 55 48 83 ec
0x00007ff866006a07:   20 48 8b ea 8a 4d 20 e8 e5 d2 ff ff 90 48 83 c4
0x00007ff866006a17:   20 5d c3 cc 40 55 48 83 ec 20 48 8b ea 48 83 c4
0x00007ff866006a27:   20 5d e9 46 d1 ff ff cc 40 55 48 83 ec 30 48 8b
0x00007ff866006a37:   ea 48 8b 01 8b 10 48 89 4c 24 28 89 54 24 20 4c
0x00007ff866006a47:   8d 0d e7 d5 ff ff 4c 8b 45 70 8b 55 68 48 8b 4d
0x00007ff866006a57:   60 e8 87 d0 ff ff 90 48 83 c4 30 5d c3 cc cc cc
0x00007ff866006a67:   cc cc cc cc cc cc cc cc cc 40 53 48 83 ec 20 48
0x00007ff866006a77:   8b 1d b3 30 01 00 48 85 db 74 16 e8 09 8b ff ff
0x00007ff866006a87:   4c 8b 00 48 8b d3 48 8b c8 41 ff 90 b0 00 00 00
0x00007ff866006a97:   90 48 83 c4 20 5b c3 cc cc 40 53 48 83 ec 20 48
0x00007ff866006aa7:   8b 1d 2b 32 01 00 48 85 db 74 57 b8 ff ff ff ff
0x00007ff866006ab7:   f0 0f c1 43 10 83 f8 01 75 3d 48 85 db 74 38 48
0x00007ff866006ac7:   8b 0b 48 85 c9 74 0d ff 15 d4 07 00 00 48 c7 03
0x00007ff866006ad7:   00 00 00 00 48 8b 4b 08 48 85 c9 74 0d e8 a7 cd
0x00007ff866006ae7:   ff ff 48 c7 43 08 00 00 00 00 ba 18 00 00 00 48
0x00007ff866006af7:   8b cb e8 92 cd ff ff 48 c7 05 cf 31 01 00 00 00
0x00007ff866006b07:   00 00 48 83 c4 20 5b c3 cc 40 53 48 83 ec 20 48
0x00007ff866006b17:   8b 1d 9b 31 01 00 48 85 db 74 57 b8 ff ff ff ff
0x00007ff866006b27:   f0 0f c1 43 10 83 f8 01 75 3d 48 85 db 74 38 48
0x00007ff866006b37:   8b 0b 48 85 c9 74 0d ff 15 64 07 00 00 48 c7 03
0x00007ff866006b47:   00 00 00 00 48 8b 4b 08 48 85 c9 74 0d e8 37 cd
0x00007ff866006b57:   ff ff 48 c7 43 08 00 00 00 00 ba 18 00 00 00 48
0x00007ff866006b67:   8b cb e8 22 cd ff ff 48 c7 05 3f 31 01 00 00 00
0x00007ff866006b77:   00 00 48 83 c4 20 5b c3 cc 40 53 48 83 ec 20 48 


Stack slot to memory mapping:
stack at sp + 0 slots: 0x0 is NULL
stack at sp + 1 slots: 0x000002062a5dd1d0 points into unknown readable memory: 0x000077f9e5b25809 | 09 58 b2 e5 f9 77 00 00
stack at sp + 2 slots: 0x00007ff83f4249d0 jvm.dll
stack at sp + 3 slots: 0x00007ff866004354 glass.dll
stack at sp + 4 slots: 0x000002062a5dd1d8 points into unknown readable memory: 0x00004805d6b2473f | 3f 47 b2 d6 05 48 00 00
stack at sp + 5 slots: 0x00007ff896c442d6 ucrtbase.dll
stack at sp + 6 slots: 0x00004805d6b2473f is an unknown value
stack at sp + 7 slots: 0x0000020600000000 is an unknown value

VM_Operation (0x000000c84a4ff3f0): Exit, mode: safepoint, requested by thread 0x000002062aa0a930


---------------  P R O C E S S  ---------------

Threads class SMR info:
_java_thread_list=0x0000020630723f60, length=21, elements={
0x0000020605d000a0, 0x0000020628f94cd0, 0x0000020628f95b50, 0x0000020628fa8ef0,
0x0000020628fa97b0, 0x0000020628faa160, 0x0000020628faab10, 0x0000020628fabcb0,
0x0000020628fadac0, 0x0000020628fb0cd0, 0x00000206299cf3a0, 0x000002062a67a910,
0x000002062a67ade0, 0x000002062aa0bc70, 0x000002062aa0d480, 0x000002062aa0c140,
0x000002062aa0d950, 0x000002062aa0b7a0, 0x000002062aa0de20, 0x000002062aa0c610,
0x000002062aa0a930
}

Java Threads: ( => current thread )
  0x0000020605d000a0 JavaThread "main" [_thread_blocked, id=35000, stack(0x000000c84a600000,0x000000c84a700000)]
  0x0000020628f94cd0 JavaThread "Reference Handler" daemon [_thread_blocked, id=59020, stack(0x000000c84ad00000,0x000000c84ae00000)]
  0x0000020628f95b50 JavaThread "Finalizer" daemon [_thread_blocked, id=52796, stack(0x000000c84ae00000,0x000000c84af00000)]
  0x0000020628fa8ef0 JavaThread "Signal Dispatcher" daemon [_thread_blocked, id=20008, stack(0x000000c84af00000,0x000000c84b000000)]
  0x0000020628fa97b0 JavaThread "Attach Listener" daemon [_thread_blocked, id=30156, stack(0x000000c84b000000,0x000000c84b100000)]
  0x0000020628faa160 JavaThread "Service Thread" daemon [_thread_blocked, id=29012, stack(0x000000c84b100000,0x000000c84b200000)]
  0x0000020628faab10 JavaThread "Monitor Deflation Thread" daemon [_thread_blocked, id=54248, stack(0x000000c84b200000,0x000000c84b300000)]
  0x0000020628fabcb0 JavaThread "C2 CompilerThread0" daemon [_thread_blocked, id=37036, stack(0x000000c84b300000,0x000000c84b400000)]
  0x0000020628fadac0 JavaThread "C1 CompilerThread0" daemon [_thread_blocked, id=34256, stack(0x000000c84b400000,0x000000c84b500000)]
  0x0000020628fb0cd0 JavaThread "Sweeper thread" daemon [_thread_blocked, id=17384, stack(0x000000c84b500000,0x000000c84b600000)]
  0x00000206299cf3a0 JavaThread "Common-Cleaner" daemon [_thread_blocked, id=53312, stack(0x000000c84b700000,0x000000c84b800000)]
  0x000002062a67a910 JavaThread "Monitor Ctrl-Break" daemon [_thread_in_native, id=7200, stack(0x000000c84be00000,0x000000c84bf00000)]
  0x000002062a67ade0 JavaThread "Notification Thread" daemon [_thread_blocked, id=60580, stack(0x000000c84bf00000,0x000000c84c000000)]
  0x000002062aa0bc70 JavaThread "QuantumRenderer-0" daemon [_thread_blocked, id=60700, stack(0x000000c84bd00000,0x000000c84be00000)]
  0x000002062aa0d480 JavaThread "InvokeLaterDispatcher" daemon [_thread_blocked, id=28896, stack(0x000000c84c300000,0x000000c84c400000)]
  0x000002062aa0c140 JavaThread "JavaFX Application Thread" [_thread_in_native, id=46092, stack(0x000000c84c400000,0x000000c84c500000)]
  0x000002062aa0d950 JavaThread "JavaFX-Launcher" [_thread_blocked, id=56296, stack(0x000000c84d000000,0x000000c84d100000)]
  0x000002062aa0b7a0 JavaThread "Thread-2" daemon [_thread_in_native, id=56244, stack(0x000000c84cf00000,0x000000c84d000000)]
  0x000002062aa0de20 JavaThread "Prism Font Disposer" daemon [_thread_blocked, id=38452, stack(0x000000c84d700000,0x000000c84d800000)]
  0x000002062aa0c610 JavaThread "Cleaner-0" daemon [_thread_blocked, id=57792, stack(0x000000c84d800000,0x000000c84d900000)]
  0x000002062aa0a930 JavaThread "SIGINT handler" daemon [_thread_blocked, id=4900, stack(0x000000c84a400000,0x000000c84a500000)]

Other Threads:
=>0x0000020628f90da0 VMThread "VM Thread" [stack: 0x000000c84ac00000,0x000000c84ad00000] [id=60152]
  0x0000020605d4e7d0 GCTaskThread "GC Thread#0" [stack: 0x000000c84a700000,0x000000c84a800000] [id=15124]
  0x000002062ae9ad40 GCTaskThread "GC Thread#1" [stack: 0x000000c84d100000,0x000000c84d200000] [id=39596]
  0x000002062ae9aff0 GCTaskThread "GC Thread#2" [stack: 0x000000c84d200000,0x000000c84d300000] [id=10948]
  0x000002062aea8460 GCTaskThread "GC Thread#3" [stack: 0x000000c84d300000,0x000000c84d400000] [id=45892]
  0x000002062aea8710 GCTaskThread "GC Thread#4" [stack: 0x000000c84d400000,0x000000c84d500000] [id=26400]
  0x000002062aea95e0 GCTaskThread "GC Thread#5" [stack: 0x000000c84d500000,0x000000c84d600000] [id=33184]
  0x0000020630b800e0 GCTaskThread "GC Thread#6" [stack: 0x000000c84ba00000,0x000000c84bb00000] [id=25792]
  0x000002062b17ac60 GCTaskThread "GC Thread#7" [stack: 0x000000c84bb00000,0x000000c84bc00000] [id=23004]
  0x000002062b3a97c0 GCTaskThread "GC Thread#8" [stack: 0x000000c84bc00000,0x000000c84bd00000] [id=53120]
  0x000002062b42f6a0 GCTaskThread "GC Thread#9" [stack: 0x000000c84d900000,0x000000c84da00000] [id=16628]
  0x000002062b42e680 GCTaskThread "GC Thread#10" [stack: 0x000000c84da00000,0x000000c84db00000] [id=27644]
  0x000002062b42f950 GCTaskThread "GC Thread#11" [stack: 0x000000c84db00000,0x000000c84dc00000] [id=4124]
  0x000002062b42fc00 GCTaskThread "GC Thread#12" [stack: 0x000000c84dc00000,0x000000c84dd00000] [id=35908]
  0x0000020605d5eca0 ConcurrentGCThread "G1 Main Marker" terminated
  0x0000020605d606c0 ConcurrentGCThread "G1 Conc#0" [stack: 0x000000c84a900000,0x000000c84aa00000] [id=22804]
  0x0000020605ddd980 ConcurrentGCThread "G1 Refine#0" terminated
  0x0000020605dde2a0 ConcurrentGCThread "G1 Service" terminated

Threads with active compile tasks:

VM state: at safepoint (shutting down)

VM Mutex/Monitor currently owned by a thread:  ([mutex/lock_event])
[0x0000020605cfc850] Threads_lock - owner thread: 0x0000020628f90da0
[0x0000020605cfc4f0] Heap_lock - owner thread: 0x000002062aa0a930

Heap address: 0x000000070a600000, size: 3930 MB, Compressed Oops mode: Zero based, Oop shift amount: 3

CDS archive(s) mapped at: [0x0000000800000000-0x0000000800bc0000-0x0000000800bc0000), size 12320768, SharedBaseAddress: 0x0000000800000000, ArchiveRelocationMode: 0.
Compressed class space mapped at: 0x0000000800c00000-0x0000000840c00000, reserved size: 1073741824
Narrow klass base: 0x0000000800000000, Narrow klass shift: 0, Narrow klass range: 0x100000000

GC Precious Log:
 CPUs: 16 total, 16 available
 Memory: 15712M
 Large Page Support: Disabled
 NUMA Support: Disabled
 Compressed Oops: Enabled (Zero based)
 Heap Region Size: 2M
 Heap Min Capacity: 8M
 Heap Initial Capacity: 246M
 Heap Max Capacity: 3930M
 Pre-touch: Disabled
 Parallel Workers: 13
 Concurrent Workers: 3
 Concurrent Refinement Workers: 13
 Periodic GC: Disabled

Heap:
 garbage-first heap   total 251904K, used 46913K [0x000000070a600000, 0x0000000800000000)
  region size 2048K, 22 young (45056K), 3 survivors (6144K)
 Metaspace       used 20411K, committed 20608K, reserved 1073152K
  class space    used 2966K, committed 3072K, reserved 1048576K

Heap Regions: E=young(eden), S=young(survivor), O=old, HS=humongous(starts), HC=humongous(continues), CS=collection set, F=free, OA=open archive, CA=closed archive, TAMS=top-at-mark-start (previous, next)
|   0|0x000000070a600000, 0x000000070a800000, 0x000000070a800000|100%|HS|  |TAMS 0x000000070a600000, 0x000000070a600000| Complete 
|   1|0x000000070a800000, 0x000000070a9d0400, 0x000000070aa00000| 90%| O|  |TAMS 0x000000070a800000, 0x000000070a800000| Untracked 
|   2|0x000000070aa00000, 0x000000070aa00000, 0x000000070ac00000|  0%| F|  |TAMS 0x000000070aa00000, 0x000000070aa00000| Untracked 
|   3|0x000000070ac00000, 0x000000070ac00000, 0x000000070ae00000|  0%| F|  |TAMS 0x000000070ac00000, 0x000000070ac00000| Untracked 
|   4|0x000000070ae00000, 0x000000070ae00000, 0x000000070b000000|  0%| F|  |TAMS 0x000000070ae00000, 0x000000070ae00000| Untracked 
|   5|0x000000070b000000, 0x000000070b000000, 0x000000070b200000|  0%| F|  |TAMS 0x000000070b000000, 0x000000070b000000| Untracked 
|   6|0x000000070b200000, 0x000000070b200000, 0x000000070b400000|  0%| F|  |TAMS 0x000000070b200000, 0x000000070b200000| Untracked 
|   7|0x000000070b400000, 0x000000070b400000, 0x000000070b600000|  0%| F|  |TAMS 0x000000070b400000, 0x000000070b400000| Untracked 
|   8|0x000000070b600000, 0x000000070b600000, 0x000000070b800000|  0%| F|  |TAMS 0x000000070b600000, 0x000000070b600000| Untracked 
|   9|0x000000070b800000, 0x000000070b800000, 0x000000070ba00000|  0%| F|  |TAMS 0x000000070b800000, 0x000000070b800000| Untracked 
|  10|0x000000070ba00000, 0x000000070ba00000, 0x000000070bc00000|  0%| F|  |TAMS 0x000000070ba00000, 0x000000070ba00000| Untracked 
|  11|0x000000070bc00000, 0x000000070bc00000, 0x000000070be00000|  0%| F|  |TAMS 0x000000070bc00000, 0x000000070bc00000| Untracked 
|  12|0x000000070be00000, 0x000000070be00000, 0x000000070c000000|  0%| F|  |TAMS 0x000000070be00000, 0x000000070be00000| Untracked 
|  13|0x000000070c000000, 0x000000070c000000, 0x000000070c200000|  0%| F|  |TAMS 0x000000070c000000, 0x000000070c000000| Untracked 
|  14|0x000000070c200000, 0x000000070c200000, 0x000000070c400000|  0%| F|  |TAMS 0x000000070c200000, 0x000000070c200000| Untracked 
|  15|0x000000070c400000, 0x000000070c400000, 0x000000070c600000|  0%| F|  |TAMS 0x000000070c400000, 0x000000070c400000| Untracked 
|  16|0x000000070c600000, 0x000000070c600000, 0x000000070c800000|  0%| F|  |TAMS 0x000000070c600000, 0x000000070c600000| Untracked 
|  17|0x000000070c800000, 0x000000070c800000, 0x000000070ca00000|  0%| F|  |TAMS 0x000000070c800000, 0x000000070c800000| Untracked 
|  18|0x000000070ca00000, 0x000000070ca00000, 0x000000070cc00000|  0%| F|  |TAMS 0x000000070ca00000, 0x000000070ca00000| Untracked 
|  19|0x000000070cc00000, 0x000000070cc00000, 0x000000070ce00000|  0%| F|  |TAMS 0x000000070cc00000, 0x000000070cc00000| Untracked 
|  20|0x000000070ce00000, 0x000000070ce00000, 0x000000070d000000|  0%| F|  |TAMS 0x000000070ce00000, 0x000000070ce00000| Untracked 
|  21|0x000000070d000000, 0x000000070d000000, 0x000000070d200000|  0%| F|  |TAMS 0x000000070d000000, 0x000000070d000000| Untracked 
|  22|0x000000070d200000, 0x000000070d200000, 0x000000070d400000|  0%| F|  |TAMS 0x000000070d200000, 0x000000070d200000| Untracked 
|  23|0x000000070d400000, 0x000000070d400000, 0x000000070d600000|  0%| F|  |TAMS 0x000000070d400000, 0x000000070d400000| Untracked 
|  24|0x000000070d600000, 0x000000070d600000, 0x000000070d800000|  0%| F|  |TAMS 0x000000070d600000, 0x000000070d600000| Untracked 
|  25|0x000000070d800000, 0x000000070d800000, 0x000000070da00000|  0%| F|  |TAMS 0x000000070d800000, 0x000000070d800000| Untracked 
|  26|0x000000070da00000, 0x000000070da00000, 0x000000070dc00000|  0%| F|  |TAMS 0x000000070da00000, 0x000000070da00000| Untracked 
|  27|0x000000070dc00000, 0x000000070dc00000, 0x000000070de00000|  0%| F|  |TAMS 0x000000070dc00000, 0x000000070dc00000| Untracked 
|  28|0x000000070de00000, 0x000000070de00000, 0x000000070e000000|  0%| F|  |TAMS 0x000000070de00000, 0x000000070de00000| Untracked 
|  29|0x000000070e000000, 0x000000070e000000, 0x000000070e200000|  0%| F|  |TAMS 0x000000070e000000, 0x000000070e000000| Untracked 
|  30|0x000000070e200000, 0x000000070e200000, 0x000000070e400000|  0%| F|  |TAMS 0x000000070e200000, 0x000000070e200000| Untracked 
|  31|0x000000070e400000, 0x000000070e400000, 0x000000070e600000|  0%| F|  |TAMS 0x000000070e400000, 0x000000070e400000| Untracked 
|  32|0x000000070e600000, 0x000000070e600000, 0x000000070e800000|  0%| F|  |TAMS 0x000000070e600000, 0x000000070e600000| Untracked 
|  33|0x000000070e800000, 0x000000070e800000, 0x000000070ea00000|  0%| F|  |TAMS 0x000000070e800000, 0x000000070e800000| Untracked 
|  34|0x000000070ea00000, 0x000000070ea00000, 0x000000070ec00000|  0%| F|  |TAMS 0x000000070ea00000, 0x000000070ea00000| Untracked 
|  35|0x000000070ec00000, 0x000000070ec00000, 0x000000070ee00000|  0%| F|  |TAMS 0x000000070ec00000, 0x000000070ec00000| Untracked 
|  36|0x000000070ee00000, 0x000000070ee00000, 0x000000070f000000|  0%| F|  |TAMS 0x000000070ee00000, 0x000000070ee00000| Untracked 
|  37|0x000000070f000000, 0x000000070f000000, 0x000000070f200000|  0%| F|  |TAMS 0x000000070f000000, 0x000000070f000000| Untracked 
|  38|0x000000070f200000, 0x000000070f200000, 0x000000070f400000|  0%| F|  |TAMS 0x000000070f200000, 0x000000070f200000| Untracked 
|  39|0x000000070f400000, 0x000000070f400000, 0x000000070f600000|  0%| F|  |TAMS 0x000000070f400000, 0x000000070f400000| Untracked 
|  40|0x000000070f600000, 0x000000070f600000, 0x000000070f800000|  0%| F|  |TAMS 0x000000070f600000, 0x000000070f600000| Untracked 
|  41|0x000000070f800000, 0x000000070f800000, 0x000000070fa00000|  0%| F|  |TAMS 0x000000070f800000, 0x000000070f800000| Untracked 
|  42|0x000000070fa00000, 0x000000070fa00000, 0x000000070fc00000|  0%| F|  |TAMS 0x000000070fa00000, 0x000000070fa00000| Untracked 
|  43|0x000000070fc00000, 0x000000070fc00000, 0x000000070fe00000|  0%| F|  |TAMS 0x000000070fc00000, 0x000000070fc00000| Untracked 
|  44|0x000000070fe00000, 0x000000070fe00000, 0x0000000710000000|  0%| F|  |TAMS 0x000000070fe00000, 0x000000070fe00000| Untracked 
|  45|0x0000000710000000, 0x0000000710000000, 0x0000000710200000|  0%| F|  |TAMS 0x0000000710000000, 0x0000000710000000| Untracked 
|  46|0x0000000710200000, 0x0000000710200000, 0x0000000710400000|  0%| F|  |TAMS 0x0000000710200000, 0x0000000710200000| Untracked 
|  47|0x0000000710400000, 0x0000000710400000, 0x0000000710600000|  0%| F|  |TAMS 0x0000000710400000, 0x0000000710400000| Untracked 
|  48|0x0000000710600000, 0x0000000710600000, 0x0000000710800000|  0%| F|  |TAMS 0x0000000710600000, 0x0000000710600000| Untracked 
|  49|0x0000000710800000, 0x0000000710800000, 0x0000000710a00000|  0%| F|  |TAMS 0x0000000710800000, 0x0000000710800000| Untracked 
|  50|0x0000000710a00000, 0x0000000710a00000, 0x0000000710c00000|  0%| F|  |TAMS 0x0000000710a00000, 0x0000000710a00000| Untracked 
|  51|0x0000000710c00000, 0x0000000710c00000, 0x0000000710e00000|  0%| F|  |TAMS 0x0000000710c00000, 0x0000000710c00000| Untracked 
|  52|0x0000000710e00000, 0x0000000710e00000, 0x0000000711000000|  0%| F|  |TAMS 0x0000000710e00000, 0x0000000710e00000| Untracked 
|  53|0x0000000711000000, 0x0000000711000000, 0x0000000711200000|  0%| F|  |TAMS 0x0000000711000000, 0x0000000711000000| Untracked 
|  54|0x0000000711200000, 0x0000000711200000, 0x0000000711400000|  0%| F|  |TAMS 0x0000000711200000, 0x0000000711200000| Untracked 
|  55|0x0000000711400000, 0x0000000711400000, 0x0000000711600000|  0%| F|  |TAMS 0x0000000711400000, 0x0000000711400000| Untracked 
|  56|0x0000000711600000, 0x0000000711600000, 0x0000000711800000|  0%| F|  |TAMS 0x0000000711600000, 0x0000000711600000| Untracked 
|  57|0x0000000711800000, 0x0000000711800000, 0x0000000711a00000|  0%| F|  |TAMS 0x0000000711800000, 0x0000000711800000| Untracked 
|  58|0x0000000711a00000, 0x0000000711a00000, 0x0000000711c00000|  0%| F|  |TAMS 0x0000000711a00000, 0x0000000711a00000| Untracked 
|  59|0x0000000711c00000, 0x0000000711c00000, 0x0000000711e00000|  0%| F|  |TAMS 0x0000000711c00000, 0x0000000711c00000| Untracked 
|  60|0x0000000711e00000, 0x0000000711e00000, 0x0000000712000000|  0%| F|  |TAMS 0x0000000711e00000, 0x0000000711e00000| Untracked 
|  61|0x0000000712000000, 0x0000000712000000, 0x0000000712200000|  0%| F|  |TAMS 0x0000000712000000, 0x0000000712000000| Untracked 
|  62|0x0000000712200000, 0x0000000712200000, 0x0000000712400000|  0%| F|  |TAMS 0x0000000712200000, 0x0000000712200000| Untracked 
|  63|0x0000000712400000, 0x0000000712400000, 0x0000000712600000|  0%| F|  |TAMS 0x0000000712400000, 0x0000000712400000| Untracked 
|  64|0x0000000712600000, 0x0000000712600000, 0x0000000712800000|  0%| F|  |TAMS 0x0000000712600000, 0x0000000712600000| Untracked 
|  65|0x0000000712800000, 0x0000000712800000, 0x0000000712a00000|  0%| F|  |TAMS 0x0000000712800000, 0x0000000712800000| Untracked 
|  66|0x0000000712a00000, 0x0000000712a00000, 0x0000000712c00000|  0%| F|  |TAMS 0x0000000712a00000, 0x0000000712a00000| Untracked 
|  67|0x0000000712c00000, 0x0000000712c00000, 0x0000000712e00000|  0%| F|  |TAMS 0x0000000712c00000, 0x0000000712c00000| Untracked 
|  68|0x0000000712e00000, 0x0000000712e00000, 0x0000000713000000|  0%| F|  |TAMS 0x0000000712e00000, 0x0000000712e00000| Untracked 
|  69|0x0000000713000000, 0x0000000713000000, 0x0000000713200000|  0%| F|  |TAMS 0x0000000713000000, 0x0000000713000000| Untracked 
|  70|0x0000000713200000, 0x0000000713200000, 0x0000000713400000|  0%| F|  |TAMS 0x0000000713200000, 0x0000000713200000| Untracked 
|  71|0x0000000713400000, 0x0000000713400000, 0x0000000713600000|  0%| F|  |TAMS 0x0000000713400000, 0x0000000713400000| Untracked 
|  72|0x0000000713600000, 0x0000000713600000, 0x0000000713800000|  0%| F|  |TAMS 0x0000000713600000, 0x0000000713600000| Untracked 
|  73|0x0000000713800000, 0x0000000713800000, 0x0000000713a00000|  0%| F|  |TAMS 0x0000000713800000, 0x0000000713800000| Untracked 
|  74|0x0000000713a00000, 0x0000000713a00000, 0x0000000713c00000|  0%| F|  |TAMS 0x0000000713a00000, 0x0000000713a00000| Untracked 
|  75|0x0000000713c00000, 0x0000000713c00000, 0x0000000713e00000|  0%| F|  |TAMS 0x0000000713c00000, 0x0000000713c00000| Untracked 
|  76|0x0000000713e00000, 0x0000000713e00000, 0x0000000714000000|  0%| F|  |TAMS 0x0000000713e00000, 0x0000000713e00000| Untracked 
|  77|0x0000000714000000, 0x0000000714000000, 0x0000000714200000|  0%| F|  |TAMS 0x0000000714000000, 0x0000000714000000| Untracked 
|  78|0x0000000714200000, 0x0000000714200000, 0x0000000714400000|  0%| F|  |TAMS 0x0000000714200000, 0x0000000714200000| Untracked 
|  79|0x0000000714400000, 0x0000000714400000, 0x0000000714600000|  0%| F|  |TAMS 0x0000000714400000, 0x0000000714400000| Untracked 
|  80|0x0000000714600000, 0x0000000714600000, 0x0000000714800000|  0%| F|  |TAMS 0x0000000714600000, 0x0000000714600000| Untracked 
|  81|0x0000000714800000, 0x0000000714800000, 0x0000000714a00000|  0%| F|  |TAMS 0x0000000714800000, 0x0000000714800000| Untracked 
|  82|0x0000000714a00000, 0x0000000714a00000, 0x0000000714c00000|  0%| F|  |TAMS 0x0000000714a00000, 0x0000000714a00000| Untracked 
|  83|0x0000000714c00000, 0x0000000714c00000, 0x0000000714e00000|  0%| F|  |TAMS 0x0000000714c00000, 0x0000000714c00000| Untracked 
|  84|0x0000000714e00000, 0x0000000714e00000, 0x0000000715000000|  0%| F|  |TAMS 0x0000000714e00000, 0x0000000714e00000| Untracked 
|  85|0x0000000715000000, 0x0000000715000000, 0x0000000715200000|  0%| F|  |TAMS 0x0000000715000000, 0x0000000715000000| Untracked 
|  86|0x0000000715200000, 0x0000000715200000, 0x0000000715400000|  0%| F|  |TAMS 0x0000000715200000, 0x0000000715200000| Untracked 
|  87|0x0000000715400000, 0x0000000715400000, 0x0000000715600000|  0%| F|  |TAMS 0x0000000715400000, 0x0000000715400000| Untracked 
|  88|0x0000000715600000, 0x0000000715600000, 0x0000000715800000|  0%| F|  |TAMS 0x0000000715600000, 0x0000000715600000| Untracked 
|  89|0x0000000715800000, 0x0000000715800000, 0x0000000715a00000|  0%| F|  |TAMS 0x0000000715800000, 0x0000000715800000| Untracked 
|  90|0x0000000715a00000, 0x0000000715a00000, 0x0000000715c00000|  0%| F|  |TAMS 0x0000000715a00000, 0x0000000715a00000| Untracked 
|  91|0x0000000715c00000, 0x0000000715c00000, 0x0000000715e00000|  0%| F|  |TAMS 0x0000000715c00000, 0x0000000715c00000| Untracked 
|  92|0x0000000715e00000, 0x0000000715e00000, 0x0000000716000000|  0%| F|  |TAMS 0x0000000715e00000, 0x0000000715e00000| Untracked 
|  93|0x0000000716000000, 0x0000000716000000, 0x0000000716200000|  0%| F|  |TAMS 0x0000000716000000, 0x0000000716000000| Untracked 
|  94|0x0000000716200000, 0x0000000716200000, 0x0000000716400000|  0%| F|  |TAMS 0x0000000716200000, 0x0000000716200000| Untracked 
|  95|0x0000000716400000, 0x0000000716400000, 0x0000000716600000|  0%| F|  |TAMS 0x0000000716400000, 0x0000000716400000| Untracked 
|  96|0x0000000716600000, 0x0000000716600000, 0x0000000716800000|  0%| F|  |TAMS 0x0000000716600000, 0x0000000716600000| Untracked 
|  97|0x0000000716800000, 0x0000000716800000, 0x0000000716a00000|  0%| F|  |TAMS 0x0000000716800000, 0x0000000716800000| Untracked 
|  98|0x0000000716a00000, 0x0000000716a00000, 0x0000000716c00000|  0%| F|  |TAMS 0x0000000716a00000, 0x0000000716a00000| Untracked 
|  99|0x0000000716c00000, 0x0000000716e00000, 0x0000000716e00000|100%| S|CS|TAMS 0x0000000716c00000, 0x0000000716c00000| Complete 
| 100|0x0000000716e00000, 0x0000000717000000, 0x0000000717000000|100%| S|CS|TAMS 0x0000000716e00000, 0x0000000716e00000| Complete 
| 101|0x0000000717000000, 0x0000000717200000, 0x0000000717200000|100%| S|CS|TAMS 0x0000000717000000, 0x0000000717000000| Complete 
| 102|0x0000000717200000, 0x0000000717200000, 0x0000000717400000|  0%| F|  |TAMS 0x0000000717200000, 0x0000000717200000| Untracked 
| 103|0x0000000717400000, 0x0000000717400000, 0x0000000717600000|  0%| F|  |TAMS 0x0000000717400000, 0x0000000717400000| Untracked 
| 104|0x0000000717600000, 0x000000071770d528, 0x0000000717800000| 52%| E|  |TAMS 0x0000000717600000, 0x0000000717600000| Complete 
| 105|0x0000000717800000, 0x0000000717a00000, 0x0000000717a00000|100%| E|CS|TAMS 0x0000000717800000, 0x0000000717800000| Complete 
| 106|0x0000000717a00000, 0x0000000717c00000, 0x0000000717c00000|100%| E|CS|TAMS 0x0000000717a00000, 0x0000000717a00000| Complete 
| 107|0x0000000717c00000, 0x0000000717e00000, 0x0000000717e00000|100%| E|CS|TAMS 0x0000000717c00000, 0x0000000717c00000| Complete 
| 108|0x0000000717e00000, 0x0000000718000000, 0x0000000718000000|100%| E|CS|TAMS 0x0000000717e00000, 0x0000000717e00000| Complete 
| 109|0x0000000718000000, 0x0000000718200000, 0x0000000718200000|100%| E|CS|TAMS 0x0000000718000000, 0x0000000718000000| Complete 
| 110|0x0000000718200000, 0x0000000718400000, 0x0000000718400000|100%| E|CS|TAMS 0x0000000718200000, 0x0000000718200000| Complete 
| 111|0x0000000718400000, 0x0000000718600000, 0x0000000718600000|100%| E|CS|TAMS 0x0000000718400000, 0x0000000718400000| Complete 
| 112|0x0000000718600000, 0x0000000718800000, 0x0000000718800000|100%| E|CS|TAMS 0x0000000718600000, 0x0000000718600000| Complete 
| 113|0x0000000718800000, 0x0000000718a00000, 0x0000000718a00000|100%| E|CS|TAMS 0x0000000718800000, 0x0000000718800000| Complete 
| 114|0x0000000718a00000, 0x0000000718c00000, 0x0000000718c00000|100%| E|CS|TAMS 0x0000000718a00000, 0x0000000718a00000| Complete 
| 115|0x0000000718c00000, 0x0000000718e00000, 0x0000000718e00000|100%| E|CS|TAMS 0x0000000718c00000, 0x0000000718c00000| Complete 
| 116|0x0000000718e00000, 0x0000000719000000, 0x0000000719000000|100%| E|CS|TAMS 0x0000000718e00000, 0x0000000718e00000| Complete 
| 117|0x0000000719000000, 0x0000000719200000, 0x0000000719200000|100%| E|CS|TAMS 0x0000000719000000, 0x0000000719000000| Complete 
| 118|0x0000000719200000, 0x0000000719400000, 0x0000000719400000|100%| E|CS|TAMS 0x0000000719200000, 0x0000000719200000| Complete 
| 119|0x0000000719400000, 0x0000000719600000, 0x0000000719600000|100%| E|CS|TAMS 0x0000000719400000, 0x0000000719400000| Complete 
| 120|0x0000000719600000, 0x0000000719800000, 0x0000000719800000|100%| E|CS|TAMS 0x0000000719600000, 0x0000000719600000| Complete 
| 121|0x0000000719800000, 0x0000000719a00000, 0x0000000719a00000|100%| E|CS|TAMS 0x0000000719800000, 0x0000000719800000| Complete 
| 122|0x0000000719a00000, 0x0000000719c00000, 0x0000000719c00000|100%| E|CS|TAMS 0x0000000719a00000, 0x0000000719a00000| Complete 

Card table byte_map: [0x000002061d590000,0x000002061dd40000] _byte_map_base: 0x0000020619d3d000

Marking Bits (Prev, Next): (CMBitMap*) 0x0000020605d4ede0, (CMBitMap*) 0x0000020605d4ee20
 Prev Bits: [0x000002061e4f0000, 0x0000020622258000)
 Next Bits: [0x0000020622260000, 0x0000020625fc8000)

Polling page: 0x0000020603cc0000

Metaspace:

Usage:
  Non-class:     17.04 MB used.
      Class:      2.90 MB used.
       Both:     19.93 MB used.

Virtual space:
  Non-class space:       24.00 MB reserved,      17.12 MB ( 71%) committed,  3 nodes.
      Class space:        1.00 GB reserved,       3.00 MB ( <1%) committed,  1 nodes.
             Both:        1.02 GB reserved,      20.12 MB (  2%) committed. 

Chunk freelists:
   Non-Class:  2.88 MB
       Class:  1.00 MB
        Both:  3.88 MB

MaxMetaspaceSize: unlimited
CompressedClassSpaceSize: 1.00 GB
Initial GC threshold: 21.00 MB
Current GC threshold: 21.00 MB
CDS: on
MetaspaceReclaimPolicy: balanced
 - commit_granule_bytes: 65536.
 - commit_granule_words: 8192.
 - virtual_space_node_default_size: 1048576.
 - enlarge_chunks_in_place: 1.
 - new_chunks_are_fully_committed: 0.
 - uncommit_free_chunks: 1.
 - use_allocation_guard: 0.
 - handle_deallocations: 1.


Internal statistics:

num_allocs_failed_limit: 0.
num_arena_births: 266.
num_arena_deaths: 0.
num_vsnodes_births: 4.
num_vsnodes_deaths: 0.
num_space_committed: 322.
num_space_uncommitted: 0.
num_chunks_returned_to_freelist: 0.
num_chunks_taken_from_freelist: 955.
num_chunk_merges: 0.
num_chunk_splits: 646.
num_chunks_enlarged: 493.
num_purges: 0.
num_inconsistent_stats: 0.

CodeHeap 'non-profiled nmethods': size=119168Kb used=1743Kb max_used=1743Kb free=117424Kb
 bounds [0x0000020615100000, 0x0000020615370000, 0x000002061c560000]
CodeHeap 'profiled nmethods': size=119104Kb used=9269Kb max_used=9269Kb free=109835Kb
 bounds [0x000002060dcb0000, 0x000002060e5c0000, 0x0000020615100000]
CodeHeap 'non-nmethods': size=7488Kb used=1459Kb max_used=3176Kb free=6029Kb
 bounds [0x000002060d560000, 0x000002060d880000, 0x000002060dcb0000]
 total_blobs=5190 nmethods=4356 adapters=744
 compilation: enabled
              stopped_count=0, restarted_count=0
 full_count=0

Compilation events (20 events):
Event: 24.984 Thread 0x0000020628fabcb0 4348       4       com.sun.javafx.event.EventHandlerManager::dispatchCapturingEvent (23 bytes)
Event: 24.994 Thread 0x0000020628fabcb0 nmethod 4348 0x00000206152b0190 code [0x00000206152b03c0, 0x00000206152b0d70]
Event: 25.293 Thread 0x0000020628fadac0 4349       3       com.sun.javafx.scene.ParentHelper::pickNodeLocalImpl (12 bytes)
Event: 25.293 Thread 0x0000020628fadac0 nmethod 4349 0x000002060e5bbd90 code [0x000002060e5bbf40, 0x000002060e5bc248]
Event: 25.293 Thread 0x0000020628fadac0 4350       3       javafx.scene.Parent$1::doPickNodeLocal (10 bytes)
Event: 25.293 Thread 0x0000020628fadac0 nmethod 4350 0x000002060e5bc390 code [0x000002060e5bc540, 0x000002060e5bc788]
Event: 25.293 Thread 0x0000020628fadac0 4351       3       javafx.scene.Parent::doPickNodeLocal (42 bytes)
Event: 25.293 Thread 0x0000020628fadac0 nmethod 4351 0x000002060e5bc890 code [0x000002060e5bcaa0, 0x000002060e5bd1c8]
Event: 29.502 Thread 0x0000020628fadac0 4352       1       javafx.util.Pair::getValue (5 bytes)
Event: 29.502 Thread 0x0000020628fadac0 nmethod 4352 0x00000206152b1790 code [0x00000206152b1920, 0x00000206152b19f8]
Event: 29.526 Thread 0x0000020628fabcb0 4353       4       com.sun.javafx.css.PseudoClassState::getIndex (9 bytes)
Event: 29.526 Thread 0x0000020628fabcb0 nmethod 4353 0x00000206152b1a90 code [0x00000206152b1c00, 0x00000206152b1cb8]
Event: 29.526 Thread 0x0000020628fabcb0 4354       4       com.sun.javafx.css.PseudoClassState::getIndex (86 bytes)
Event: 29.526 Thread 0x0000020628fabcb0 nmethod 4354 0x00000206152b1d90 code [0x00000206152b1f00, 0x00000206152b1f98]
Event: 38.931 Thread 0x0000020628fabcb0 4355       4       javafx.scene.Node::sceneToLocal (21 bytes)
Event: 38.935 Thread 0x0000020628fabcb0 nmethod 4355 0x00000206152b2090 code [0x00000206152b2280, 0x00000206152b26e8]
Event: 85.849 Thread 0x0000020628fabcb0 4356       4       com.sun.javafx.tk.quantum.QuantumToolkit::postPulse (133 bytes)
Event: 85.859 Thread 0x0000020628fabcb0 nmethod 4356 0x00000206152b2b90 code [0x00000206152b2d60, 0x00000206152b3048]
Event: 86.665 Thread 0x0000020628fabcb0 4357       4       com.sun.javafx.tk.quantum.QuantumToolkit$$Lambda$104/0x0000000800c38618::run (8 bytes)
Event: 86.667 Thread 0x0000020628fabcb0 nmethod 4357 0x00000206152b3410 code [0x00000206152b35e0, 0x00000206152b3930]

GC Heap History (4 events):
Event: 0.666 GC heap before
{Heap before GC invocations=0 (full 0):
 garbage-first heap   total 251904K, used 20480K [0x000000070a600000, 0x0000000800000000)
  region size 2048K, 11 young (22528K), 0 survivors (0K)
 Metaspace       used 4476K, committed 4672K, reserved 1056768K
  class space    used 487K, committed 576K, reserved 1048576K
}
Event: 0.669 GC heap after
{Heap after GC invocations=1 (full 0):
 garbage-first heap   total 251904K, used 2671K [0x000000070a600000, 0x0000000800000000)
  region size 2048K, 2 young (4096K), 2 survivors (4096K)
 Metaspace       used 4476K, committed 4672K, reserved 1056768K
  class space    used 487K, committed 576K, reserved 1048576K
}
Event: 2.539 GC heap before
{Heap before GC invocations=1 (full 0):
 garbage-first heap   total 251904K, used 43631K [0x000000070a600000, 0x0000000800000000)
  region size 2048K, 21 young (43008K), 2 survivors (4096K)
 Metaspace       used 14201K, committed 14464K, reserved 1064960K
  class space    used 1888K, committed 2048K, reserved 1048576K
}
Event: 2.546 GC heap after
{Heap after GC invocations=2 (full 0):
 garbage-first heap   total 251904K, used 10049K [0x000000070a600000, 0x0000000800000000)
  region size 2048K, 3 young (6144K), 3 survivors (6144K)
 Metaspace       used 14201K, committed 14464K, reserved 1064960K
  class space    used 1888K, committed 2048K, reserved 1048576K
}

Deoptimization events (20 events):
Event: 15.512 Thread 0x000002062aa0c140 DEOPT PACKING pc=0x000002061522e210 sp=0x000000c84c4f3a80
Event: 15.512 Thread 0x000002062aa0c140 DEOPT UNPACKING pc=0x000002060d5b23a3 sp=0x000000c84c4f3a38 mode 2
Event: 16.385 Thread 0x000002062aa0c140 Uncommon trap: trap_request=0xffffffbe fr.pc=0x000002061522e210 relative=0x0000000000000650
Event: 16.385 Thread 0x000002062aa0c140 Uncommon trap: reason=profile_predicate action=maybe_recompile pc=0x000002061522e210 method=java.lang.PublicMethods$MethodList.filter([Ljava/lang/reflect/Method;Ljava/lang/String;[Ljava/lang/Class;Z)Ljava/lang/PublicMethods$MethodList; @ 21 c2
Event: 16.385 Thread 0x000002062aa0c140 DEOPT PACKING pc=0x000002061522e210 sp=0x000000c84c4f1490
Event: 16.385 Thread 0x000002062aa0c140 DEOPT UNPACKING pc=0x000002060d5b23a3 sp=0x000000c84c4f1448 mode 2
Event: 16.385 Thread 0x000002062aa0c140 Uncommon trap: trap_request=0xffffffbe fr.pc=0x000002061522e210 relative=0x0000000000000650
Event: 16.385 Thread 0x000002062aa0c140 Uncommon trap: reason=profile_predicate action=maybe_recompile pc=0x000002061522e210 method=java.lang.PublicMethods$MethodList.filter([Ljava/lang/reflect/Method;Ljava/lang/String;[Ljava/lang/Class;Z)Ljava/lang/PublicMethods$MethodList; @ 21 c2
Event: 16.385 Thread 0x000002062aa0c140 DEOPT PACKING pc=0x000002061522e210 sp=0x000000c84c4f1490
Event: 16.385 Thread 0x000002062aa0c140 DEOPT UNPACKING pc=0x000002060d5b23a3 sp=0x000000c84c4f1448 mode 2
Event: 16.402 Thread 0x000002062aa0c140 Uncommon trap: trap_request=0xffffff45 fr.pc=0x00000206152366dc relative=0x000000000000005c
Event: 16.402 Thread 0x000002062aa0c140 Uncommon trap: reason=unstable_if action=reinterpret pc=0x00000206152366dc method=java.util.Objects.equals(Ljava/lang/Object;Ljava/lang/Object;)Z @ 6 c2
Event: 16.402 Thread 0x000002062aa0c140 DEOPT PACKING pc=0x00000206152366dc sp=0x000000c84c4f1960
Event: 16.402 Thread 0x000002062aa0c140 DEOPT UNPACKING pc=0x000002060d5b23a3 sp=0x000000c84c4f1900 mode 2
Event: 16.438 Thread 0x000002062aa0c140 DEOPT PACKING pc=0x000002060e265d74 sp=0x000000c84c4f1e80
Event: 16.438 Thread 0x000002062aa0c140 DEOPT UNPACKING pc=0x000002060d5b2b43 sp=0x000000c84c4f1308 mode 0
Event: 17.625 Thread 0x000002062aa0c140 Uncommon trap: trap_request=0xffffff45 fr.pc=0x000002061523cef8 relative=0x0000000000000298
Event: 17.625 Thread 0x000002062aa0c140 Uncommon trap: reason=unstable_if action=reinterpret pc=0x000002061523cef8 method=com.sun.javafx.event.EventHandlerManager.dispatchCapturingEvent(Ljavafx/event/EventType;Ljavafx/event/Event;)Ljavafx/event/Event; @ 22 c2
Event: 17.625 Thread 0x000002062aa0c140 DEOPT PACKING pc=0x000002061523cef8 sp=0x000000c84c4f1b30
Event: 17.625 Thread 0x000002062aa0c140 DEOPT UNPACKING pc=0x000002060d5b23a3 sp=0x000000c84c4f1ae0 mode 2

Classes unloaded (0 events):
No events

Classes redefined (0 events):
No events

Internal exceptions (20 events):
Event: 1.178 Thread 0x000002062aa0c140 Exception <a 'java/lang/NoSuchMethodError'{0x0000000717ad0ae8}: 'java.lang.Object java.lang.invoke.DirectMethodHandle$Holder.invokeInterface(java.lang.Object, java.lang.Object, java.lang.Object)'> (0x0000000717ad0ae8) 
thrown [t:\workspace\open\src\hotspot\share\interpreter\linkResolver.cpp, line 766]
Event: 1.178 Thread 0x000002062aa0c140 Exception <a 'java/lang/IncompatibleClassChangeError'{0x0000000717ad4470}: Found class java.lang.Object, but interface was expected> (0x0000000717ad4470) 
thrown [t:\workspace\open\src\hotspot\share\interpreter\linkResolver.cpp, line 833]
Event: 1.240 Thread 0x000002062aa0c140 Exception <a 'java/lang/NoSuchMethodError'{0x000000071787c298}: 'java.lang.Object java.lang.invoke.DirectMethodHandle$Holder.newInvokeSpecial(java.lang.Object, java.lang.Object, int)'> (0x000000071787c298) 
thrown [t:\workspace\open\src\hotspot\share\interpreter\linkResolver.cpp, line 766]
Event: 1.265 Thread 0x000002062aa0bc70 Exception <a 'java/lang/NoSuchMethodError'{0x00000007178e85b0}: 'int java.lang.invoke.DirectMethodHandle$Holder.invokeStaticInit(java.lang.Object, java.lang.Object)'> (0x00000007178e85b0) 
thrown [t:\workspace\open\src\hotspot\share\interpreter\linkResolver.cpp, line 766]
Event: 2.379 Thread 0x000002062aa0c140 Exception <a 'java/lang/NoSuchMethodError'{0x0000000717572f30}: 'long java.lang.invoke.DirectMethodHandle$Holder.invokeStatic(java.lang.Object, java.lang.Object, java.lang.Object)'> (0x0000000717572f30) 
thrown [t:\workspace\open\src\hotspot\share\interpreter\linkResolver.cpp, line 766]
Event: 2.379 Thread 0x000002062aa0c140 Exception <a 'java/lang/NoSuchMethodError'{0x00000007175766d8}: 'long java.lang.invoke.DirectMethodHandle$Holder.invokeStaticInit(java.lang.Object, java.lang.Object, java.lang.Object)'> (0x00000007175766d8) 
thrown [t:\workspace\open\src\hotspot\share\interpreter\linkResolver.cpp, line 766]
Event: 2.381 Thread 0x000002062aa0c140 Exception <a 'java/lang/NoSuchMethodError'{0x000000071758e2e0}: 'java.lang.Object java.lang.invoke.DirectMethodHandle$Holder.newInvokeSpecial(java.lang.Object, java.lang.Object, long)'> (0x000000071758e2e0) 
thrown [t:\workspace\open\src\hotspot\share\interpreter\linkResolver.cpp, line 766]
Event: 2.381 Thread 0x000002062aa0c140 Exception <a 'java/lang/NoSuchMethodError'{0x0000000717591e50}: 'java.lang.Object java.lang.invoke.Invokers$Holder.linkToTargetMethod(java.lang.Object, long, java.lang.Object)'> (0x0000000717591e50) 
thrown [t:\workspace\open\src\hotspot\share\interpreter\linkResolver.cpp, line 766]
Event: 2.551 Thread 0x000002062aa0c140 Exception <a 'java/lang/ClassNotFoundException'{0x0000000719a5b908}: com/sun/javafx/scene/control/skin/resources/controls> (0x0000000719a5b908) 
thrown [t:\workspace\open\src\hotspot\share\prims\jni.cpp, line 535]
Event: 2.552 Thread 0x000002062aa0c140 Exception <a 'java/lang/ClassNotFoundException'{0x0000000719a69e48}: com/sun/javafx/scene/control/skin/resources/controls_nl> (0x0000000719a69e48) 
thrown [t:\workspace\open\src\hotspot\share\prims\jni.cpp, line 535]
Event: 2.552 Thread 0x000002062aa0c140 Exception <a 'java/lang/ClassNotFoundException'{0x0000000719a6b380}: com/sun/javafx/scene/control/skin/resources/controls_nl_NL> (0x0000000719a6b380) 
thrown [t:\workspace\open\src\hotspot\share\prims\jni.cpp, line 535]
Event: 2.580 Thread 0x000002062aa0c140 Exception <a 'java/lang/NoSuchMethodError'{0x00000007199b95c0}: 'void java.lang.invoke.DirectMethodHandle$Holder.invokeSpecial(java.lang.Object, java.lang.Object, java.lang.Object, java.lang.Object, java.lang.Object, java.lang.Object)'> (0x00000007199b95c0) 
thrown [t:\workspace\open\src\hotspot\share\interpreter\linkResolver.cpp, line 766]
Event: 12.426 Thread 0x000002062aa0c140 Exception <a 'java/lang/NoSuchMethodError'{0x0000000718d726f0}: 'java.lang.Object java.lang.invoke.DirectMethodHandle$Holder.invokeSpecial(java.lang.Object, java.lang.Object, java.lang.Object, double)'> (0x0000000718d726f0) 
thrown [t:\workspace\open\src\hotspot\share\interpreter\linkResolver.cpp, line 766]
Event: 13.292 Thread 0x000002062aa0c140 Exception <a 'java/lang/NoSuchMethodError'{0x0000000718ab8108}: 'java.lang.Object java.lang.invoke.DirectMethodHandle$Holder.newInvokeSpecial(java.lang.Object, java.lang.Object, int, int, int, int, int, java.lang.Object)'> (0x0000000718ab8108) 
thrown [t:\workspace\open\src\hotspot\share\interpreter\linkResolver.cpp, line 766]
Event: 13.294 Thread 0x000002062aa0c140 Exception <a 'java/lang/NoSuchMethodError'{0x0000000718acc0d8}: 'java.lang.Object java.lang.invoke.DirectMethodHandle$Holder.newInvokeSpecial(java.lang.Object, java.lang.Object, java.lang.Object, int, int, int, int, int)'> (0x0000000718acc0d8) 
thrown [t:\workspace\open\src\hotspot\share\interpreter\linkResolver.cpp, line 766]
Event: 13.294 Thread 0x000002062aa0c140 Exception <a 'java/lang/NoSuchMethodError'{0x0000000718ad4928}: 'java.lang.Object java.lang.invoke.Invokers$Holder.linkToTargetMethod(java.lang.Object, java.lang.Object, int, int, int, int, int, java.lang.Object)'> (0x0000000718ad4928) 
thrown [t:\workspace\open\src\hotspot\share\interpreter\linkResolver.cpp, line 766]
Event: 15.472 Thread 0x000002062aa0c140 Exception <a 'java/lang/NoSuchMethodError'{0x000000071865dd30}: 'void java.lang.invoke.DirectMethodHandle$Holder.invokeSpecialIFC(java.lang.Object, java.lang.Object, java.lang.Object, java.lang.Object)'> (0x000000071865dd30) 
thrown [t:\workspace\open\src\hotspot\share\interpreter\linkResolver.cpp, line 766]
Event: 15.498 Thread 0x000002062aa0c140 Exception <a 'java/lang/NoSuchMethodError'{0x0000000718411c50}: 'int java.lang.invoke.DirectMethodHandle$Holder.invokeSpecial(java.lang.Object, java.lang.Object, int)'> (0x0000000718411c50) 
thrown [t:\workspace\open\src\hotspot\share\interpreter\linkResolver.cpp, line 766]
Event: 19.413 Thread 0x000002062aa0c140 Exception <a 'java/lang/NoSuchMethodError'{0x00000007178d6e68}: 'int java.lang.invoke.DirectMethodHandle$Holder.invokeVirtual(java.lang.Object, java.lang.Object)'> (0x00000007178d6e68) 
thrown [t:\workspace\open\src\hotspot\share\interpreter\linkResolver.cpp, line 766]
Event: 19.414 Thread 0x000002062aa0c140 Exception <a 'java/lang/NoSuchMethodError'{0x00000007178dea60}: 'void java.lang.invoke.DirectMethodHandle$Holder.invokeVirtual(java.lang.Object, java.lang.Object, int)'> (0x00000007178dea60) 
thrown [t:\workspace\open\src\hotspot\share\interpreter\linkResolver.cpp, line 766]

VM Operations (20 events):
Event: 16.335 Executing VM operation: ICBufferFull done
Event: 16.518 Executing VM operation: HandshakeAllThreads
Event: 16.518 Executing VM operation: HandshakeAllThreads done
Event: 17.518 Executing VM operation: Cleanup
Event: 17.518 Executing VM operation: Cleanup done
Event: 18.007 Executing VM operation: HandshakeAllThreads
Event: 18.007 Executing VM operation: HandshakeAllThreads done
Event: 19.008 Executing VM operation: Cleanup
Event: 19.008 Executing VM operation: Cleanup done
Event: 20.008 Executing VM operation: Cleanup
Event: 20.008 Executing VM operation: Cleanup done
Event: 21.008 Executing VM operation: Cleanup
Event: 21.009 Executing VM operation: Cleanup done
Event: 24.010 Executing VM operation: Cleanup
Event: 24.010 Executing VM operation: Cleanup done
Event: 25.011 Executing VM operation: Cleanup
Event: 25.011 Executing VM operation: Cleanup done
Event: 39.019 Executing VM operation: Cleanup
Event: 39.019 Executing VM operation: Cleanup done
Event: 574.162 Executing VM operation: Exit

Events (20 events):
Event: 17.576 Thread 0x000002062a1ec160 Thread exited: 0x000002062a1ec160
Event: 17.576 Thread 0x000002062a698b70 Thread exited: 0x000002062a698b70
Event: 19.414 loading class java/util/stream/ReferencePipeline$15
Event: 19.414 loading class java/util/stream/ReferencePipeline$15 done
Event: 19.414 loading class java/util/stream/ReferencePipeline$15$1
Event: 19.414 loading class java/util/stream/ReferencePipeline$15$1 done
Event: 19.415 loading class java/util/stream/ReduceOps$5
Event: 19.415 loading class java/util/stream/ReduceOps$5 done
Event: 19.415 loading class java/util/stream/ReduceOps$CountingSink$OfRef
Event: 19.415 loading class java/util/stream/ReduceOps$CountingSink
Event: 19.415 loading class java/util/stream/ReduceOps$CountingSink done
Event: 19.415 loading class java/util/stream/ReduceOps$CountingSink$OfRef done
Event: 23.200 Thread 0x0000020628fbb3b0 Thread exited: 0x0000020628fbb3b0
Event: 574.159 loading class jdk/internal/misc/Signal$1
Event: 574.159 loading class jdk/internal/misc/Signal$1 done
Event: 574.160 Thread 0x000002062aa0a930 Thread added: 0x000002062aa0a930
Event: 574.160 Thread 0x000002062aa0cfb0 Thread added: 0x000002062aa0cfb0
Event: 574.160 Thread 0x000002062aa0ae00 Thread added: 0x000002062aa0ae00
Event: 574.161 Thread 0x000002062aa0cfb0 Thread exited: 0x000002062aa0cfb0
Event: 574.162 Thread 0x000002062aa0ae00 Thread exited: 0x000002062aa0ae00


Dynamic libraries:
0x00007ff70fb60000 - 0x00007ff70fb70000 	C:\Program Files\Java\jdk-17.0.2\bin\java.exe
0x00007ff899450000 - 0x00007ff899645000 	C:\windows\SYSTEM32\ntdll.dll
0x00007ff898f70000 - 0x00007ff89902e000 	C:\windows\System32\KERNEL32.DLL
0x00007ff897020000 - 0x00007ff8972e8000 	C:\windows\System32\KERNELBASE.dll
0x00007ff896c30000 - 0x00007ff896d30000 	C:\windows\System32\ucrtbase.dll
0x00007ff887d60000 - 0x00007ff887d7a000 	C:\Program Files\Java\jdk-17.0.2\bin\VCRUNTIME140.dll
0x00007ff88f790000 - 0x00007ff88f7a8000 	C:\Program Files\Java\jdk-17.0.2\bin\jli.dll
0x00007ff8974a0000 - 0x00007ff89754e000 	C:\windows\System32\ADVAPI32.dll
0x00007ff899110000 - 0x00007ff8991ae000 	C:\windows\System32\msvcrt.dll
0x00007ff899370000 - 0x00007ff89940c000 	C:\windows\System32\sechost.dll
0x00007ff899240000 - 0x00007ff899365000 	C:\windows\System32\RPCRT4.dll
0x00007ff898400000 - 0x00007ff8985a0000 	C:\windows\System32\USER32.dll
0x00007ff88e6c0000 - 0x00007ff88e95a000 	C:\windows\WinSxS\amd64_microsoft.windows.common-controls_6595b64144ccf1df_6.0.19041.1110_none_60b5254171f9507e\COMCTL32.dll
0x00007ff896c00000 - 0x00007ff896c22000 	C:\windows\System32\win32u.dll
0x00007ff898720000 - 0x00007ff89874b000 	C:\windows\System32\GDI32.dll
0x00007ff8972f0000 - 0x00007ff8973fd000 	C:\windows\System32\gdi32full.dll
0x00007ff896b60000 - 0x00007ff896bfd000 	C:\windows\System32\msvcp_win.dll
0x00007ff88f2c0000 - 0x00007ff88f2ca000 	C:\windows\SYSTEM32\VERSION.dll
0x00007ff898610000 - 0x00007ff898640000 	C:\windows\System32\IMM32.DLL
0x00007ff890bd0000 - 0x00007ff890bdc000 	C:\Program Files\Java\jdk-17.0.2\bin\vcruntime140_1.dll
0x00007ff86e730000 - 0x00007ff86e7bd000 	C:\Program Files\Java\jdk-17.0.2\bin\msvcp140.dll
0x00007ff83e900000 - 0x00007ff83f4c1000 	C:\Program Files\Java\jdk-17.0.2\bin\server\jvm.dll
0x00007ff8983f0000 - 0x00007ff8983f8000 	C:\windows\System32\PSAPI.DLL
0x00007ff879d70000 - 0x00007ff879d79000 	C:\windows\SYSTEM32\WSOCK32.dll
0x00007ff88a080000 - 0x00007ff88a0a7000 	C:\windows\SYSTEM32\WINMM.dll
0x00007ff8985a0000 - 0x00007ff89860b000 	C:\windows\System32\WS2_32.dll
0x00007ff8953a0000 - 0x00007ff8953b2000 	C:\windows\SYSTEM32\kernel.appcore.dll
0x00007ff890a60000 - 0x00007ff890a6a000 	C:\Program Files\Java\jdk-17.0.2\bin\jimage.dll
0x00007ff895150000 - 0x00007ff895334000 	C:\windows\SYSTEM32\DBGHELP.DLL
0x00007ff8880d0000 - 0x00007ff8880fc000 	C:\windows\SYSTEM32\dbgcore.DLL
0x00007ff896de0000 - 0x00007ff896e62000 	C:\windows\System32\bcryptPrimitives.dll
0x00007ff88f6a0000 - 0x00007ff88f6ae000 	C:\Program Files\Java\jdk-17.0.2\bin\instrument.dll
0x00007ff881f20000 - 0x00007ff881f45000 	C:\Program Files\Java\jdk-17.0.2\bin\java.dll
0x00007ff863a90000 - 0x00007ff863b66000 	C:\Program Files\Java\jdk-17.0.2\bin\jsvml.dll
0x00007ff897c40000 - 0x00007ff898384000 	C:\windows\System32\SHELL32.dll
0x00007ff8949b0000 - 0x00007ff895144000 	C:\windows\SYSTEM32\windows.storage.dll
0x00007ff898c10000 - 0x00007ff898f65000 	C:\windows\System32\combase.dll
0x00007ff8965b0000 - 0x00007ff8965de000 	C:\windows\SYSTEM32\Wldp.dll
0x00007ff8975b0000 - 0x00007ff89765d000 	C:\windows\System32\SHCORE.dll
0x00007ff898390000 - 0x00007ff8983e5000 	C:\windows\System32\shlwapi.dll
0x00007ff896aa0000 - 0x00007ff896abf000 	C:\windows\SYSTEM32\profapi.dll
0x00007ff887ce0000 - 0x00007ff887cf9000 	C:\Program Files\Java\jdk-17.0.2\bin\net.dll
0x00007ff8919d0000 - 0x00007ff891adc000 	C:\windows\SYSTEM32\WINHTTP.dll
0x00007ff8962a0000 - 0x00007ff89630a000 	C:\windows\system32\mswsock.dll
0x00007ff882c80000 - 0x00007ff882c96000 	C:\Program Files\Java\jdk-17.0.2\bin\nio.dll
0x00007ff8816a0000 - 0x00007ff8816b8000 	C:\Program Files\Java\jdk-17.0.2\bin\zip.dll
0x00007ff879b30000 - 0x00007ff879b4a000 	C:\Program Files\JetBrains\IntelliJ IDEA 2021.3.2\bin\breakgen64.dll
0x0000020603d10000 - 0x0000020603d13000 	C:\Users\wdrss\.openjfx\cache\17.0.1\api-ms-win-core-console-l1-1-0.dll
0x0000020603d20000 - 0x0000020603d23000 	C:\Users\wdrss\.openjfx\cache\17.0.1\api-ms-win-core-console-l1-2-0.dll
0x0000020605cd0000 - 0x0000020605cd3000 	C:\Users\wdrss\.openjfx\cache\17.0.1\api-ms-win-core-datetime-l1-1-0.dll
0x0000020628fc0000 - 0x0000020628fc3000 	C:\Users\wdrss\.openjfx\cache\17.0.1\api-ms-win-core-debug-l1-1-0.dll
0x0000020628fd0000 - 0x0000020628fd3000 	C:\Users\wdrss\.openjfx\cache\17.0.1\api-ms-win-core-errorhandling-l1-1-0.dll
0x0000020628fe0000 - 0x0000020628fe4000 	C:\Users\wdrss\.openjfx\cache\17.0.1\api-ms-win-core-file-l1-1-0.dll
0x0000020628ff0000 - 0x0000020628ff3000 	C:\Users\wdrss\.openjfx\cache\17.0.1\api-ms-win-core-file-l1-2-0.dll
0x000002062b4f0000 - 0x000002062b4f3000 	C:\Users\wdrss\.openjfx\cache\17.0.1\api-ms-win-core-file-l2-1-0.dll
0x000002062b500000 - 0x000002062b503000 	C:\Users\wdrss\.openjfx\cache\17.0.1\api-ms-win-core-handle-l1-1-0.dll
0x000002062b510000 - 0x000002062b513000 	C:\Users\wdrss\.openjfx\cache\17.0.1\api-ms-win-core-heap-l1-1-0.dll
0x000002062b520000 - 0x000002062b523000 	C:\Users\wdrss\.openjfx\cache\17.0.1\api-ms-win-core-interlocked-l1-1-0.dll
0x000002062b530000 - 0x000002062b533000 	C:\Users\wdrss\.openjfx\cache\17.0.1\api-ms-win-core-libraryloader-l1-1-0.dll
0x000002062b540000 - 0x000002062b543000 	C:\Users\wdrss\.openjfx\cache\17.0.1\api-ms-win-core-localization-l1-2-0.dll
0x000002062b550000 - 0x000002062b553000 	C:\Users\wdrss\.openjfx\cache\17.0.1\api-ms-win-core-memory-l1-1-0.dll
0x000002062b560000 - 0x000002062b563000 	C:\Users\wdrss\.openjfx\cache\17.0.1\api-ms-win-core-namedpipe-l1-1-0.dll
0x000002062b570000 - 0x000002062b573000 	C:\Users\wdrss\.openjfx\cache\17.0.1\api-ms-win-core-processenvironment-l1-1-0.dll
0x000002062b580000 - 0x000002062b583000 	C:\Users\wdrss\.openjfx\cache\17.0.1\api-ms-win-core-processthreads-l1-1-0.dll
0x000002062b590000 - 0x000002062b593000 	C:\Users\wdrss\.openjfx\cache\17.0.1\api-ms-win-core-processthreads-l1-1-1.dll
0x000002062b6c0000 - 0x000002062b6c3000 	C:\Users\wdrss\.openjfx\cache\17.0.1\api-ms-win-core-profile-l1-1-0.dll
0x000002062b6d0000 - 0x000002062b6d3000 	C:\Users\wdrss\.openjfx\cache\17.0.1\api-ms-win-core-rtlsupport-l1-1-0.dll
0x000002062b6e0000 - 0x000002062b6e3000 	C:\Users\wdrss\.openjfx\cache\17.0.1\api-ms-win-core-string-l1-1-0.dll
0x000002062b6f0000 - 0x000002062b6f3000 	C:\Users\wdrss\.openjfx\cache\17.0.1\api-ms-win-core-synch-l1-1-0.dll
0x000002062b700000 - 0x000002062b703000 	C:\Users\wdrss\.openjfx\cache\17.0.1\api-ms-win-core-synch-l1-2-0.dll
0x000002062b710000 - 0x000002062b713000 	C:\Users\wdrss\.openjfx\cache\17.0.1\api-ms-win-core-sysinfo-l1-1-0.dll
0x000002062b720000 - 0x000002062b723000 	C:\Users\wdrss\.openjfx\cache\17.0.1\api-ms-win-core-timezone-l1-1-0.dll
0x000002062b6b0000 - 0x000002062b6b3000 	C:\Users\wdrss\.openjfx\cache\17.0.1\api-ms-win-core-util-l1-1-0.dll
0x000002062b850000 - 0x000002062b853000 	C:\Users\wdrss\.openjfx\cache\17.0.1\api-ms-win-crt-conio-l1-1-0.dll
0x000002062b860000 - 0x000002062b864000 	C:\Users\wdrss\.openjfx\cache\17.0.1\api-ms-win-crt-convert-l1-1-0.dll
0x000002062b870000 - 0x000002062b873000 	C:\Users\wdrss\.openjfx\cache\17.0.1\api-ms-win-crt-environment-l1-1-0.dll
0x000002062b880000 - 0x000002062b883000 	C:\Users\wdrss\.openjfx\cache\17.0.1\api-ms-win-crt-filesystem-l1-1-0.dll
0x000002062b890000 - 0x000002062b893000 	C:\Users\wdrss\.openjfx\cache\17.0.1\api-ms-win-crt-heap-l1-1-0.dll
0x000002062b5a0000 - 0x000002062b5a3000 	C:\Users\wdrss\.openjfx\cache\17.0.1\api-ms-win-crt-locale-l1-1-0.dll
0x000002062b5b0000 - 0x000002062b5b5000 	C:\Users\wdrss\.openjfx\cache\17.0.1\api-ms-win-crt-math-l1-1-0.dll
0x000002062b5c0000 - 0x000002062b5c5000 	C:\Users\wdrss\.openjfx\cache\17.0.1\api-ms-win-crt-multibyte-l1-1-0.dll
0x000002062b5d0000 - 0x000002062b5e0000 	C:\Users\wdrss\.openjfx\cache\17.0.1\api-ms-win-crt-private-l1-1-0.dll
0x000002062b5e0000 - 0x000002062b5e3000 	C:\Users\wdrss\.openjfx\cache\17.0.1\api-ms-win-crt-process-l1-1-0.dll
0x000002062b5f0000 - 0x000002062b5f4000 	C:\Users\wdrss\.openjfx\cache\17.0.1\api-ms-win-crt-runtime-l1-1-0.dll
0x000002062b600000 - 0x000002062b604000 	C:\Users\wdrss\.openjfx\cache\17.0.1\api-ms-win-crt-stdio-l1-1-0.dll
0x000002062b610000 - 0x000002062b614000 	C:\Users\wdrss\.openjfx\cache\17.0.1\api-ms-win-crt-string-l1-1-0.dll
0x000002062b620000 - 0x000002062b623000 	C:\Users\wdrss\.openjfx\cache\17.0.1\api-ms-win-crt-time-l1-1-0.dll
0x000002062b630000 - 0x000002062b633000 	C:\Users\wdrss\.openjfx\cache\17.0.1\api-ms-win-crt-utility-l1-1-0.dll
0x00007ff853540000 - 0x00007ff85363c000 	C:\Users\wdrss\.openjfx\cache\17.0.1\ucrtbase.dll
0x00007ff8702b0000 - 0x00007ff8702ca000 	C:\Users\wdrss\.openjfx\cache\17.0.1\vcruntime140.dll
0x00007ff87a100000 - 0x00007ff87a10c000 	C:\Users\wdrss\.openjfx\cache\17.0.1\vcruntime140_1.dll
0x00007ff85e370000 - 0x00007ff85e3fd000 	C:\Users\wdrss\.openjfx\cache\17.0.1\msvcp140.dll
0x00007ff86f750000 - 0x00007ff86f77a000 	C:\Users\wdrss\.openjfx\cache\17.0.1\prism_d3d.dll
0x00007ff85c0d0000 - 0x00007ff85c2a0000 	C:\windows\system32\d3d9.dll
0x00007ff894400000 - 0x00007ff89442f000 	C:\windows\SYSTEM32\dwmapi.dll
0x00007ff8941f0000 - 0x00007ff89428e000 	C:\windows\system32\uxtheme.dll
0x00007ff889c50000 - 0x00007ff889e2b000 	C:\windows\System32\DriverStore\FileRepository\u0364701.inf_amd64_ca396d1944af3dbf\B364780\aticfx64.dll
0x00007ff892680000 - 0x00007ff8926b3000 	C:\windows\System32\DriverStore\FileRepository\u0364701.inf_amd64_ca396d1944af3dbf\B364780\atiu9p64.dll
0x00007ff857010000 - 0x00007ff857d31000 	C:\windows\System32\DriverStore\FileRepository\u0364701.inf_amd64_ca396d1944af3dbf\B364780\atiumd64.dll
0x00007ff8988d0000 - 0x00007ff8989fa000 	C:\windows\System32\ole32.dll
0x000000006c1a0000 - 0x000000006d062000 	C:\windows\System32\DriverStore\FileRepository\u0364701.inf_amd64_ca396d1944af3dbf\B364780\atiumd6a.dll
0x00007ff8964b0000 - 0x00007ff8964fb000 	C:\windows\SYSTEM32\POWRPROF.dll
0x00007ff896370000 - 0x00007ff896382000 	C:\windows\SYSTEM32\UMPDC.dll
0x00007ff889e90000 - 0x00007ff889ec0000 	C:\windows\SYSTEM32\amdihk64.dll
0x00007ff865fe0000 - 0x00007ff866022000 	C:\Users\wdrss\.openjfx\cache\17.0.1\glass.dll
0x00007ff898640000 - 0x00007ff89871a000 	C:\windows\System32\COMDLG32.dll
0x00007ff898750000 - 0x00007ff89881d000 	C:\windows\System32\OLEAUT32.dll
0x00007ff897660000 - 0x00007ff897776000 	C:\windows\System32\MSCTF.dll
0x00007ff88c550000 - 0x00007ff88c58b000 	C:\windows\SYSTEM32\dxcore.dll
0x00007ff896e70000 - 0x00007ff896ebe000 	C:\windows\System32\cfgmgr32.dll
0x00007ff86f3d0000 - 0x00007ff86f3e4000 	C:\Users\wdrss\.openjfx\cache\17.0.1\javafx_font.dll
0x00007ff882ef0000 - 0x00007ff883173000 	C:\windows\SYSTEM32\dwrite.dll
0x00007ff898820000 - 0x00007ff8988c9000 	C:\windows\System32\clbcatq.dll
0x00007ff88fe30000 - 0x00007ff88ffe4000 	C:\windows\SYSTEM32\WindowsCodecs.dll
0x00007ff897470000 - 0x00007ff897497000 	C:\windows\System32\bcrypt.dll
0x00007ff86f010000 - 0x00007ff86f04e000 	C:\windows\system32\dataexchange.dll
0x00007ff893520000 - 0x00007ff893705000 	C:\windows\system32\dcomp.dll
0x00007ff892cf0000 - 0x00007ff892f54000 	C:\windows\system32\d3d11.dll
0x00007ff895420000 - 0x00007ff895514000 	C:\windows\system32\dxgi.dll
0x00007ff88fac0000 - 0x00007ff88fcc1000 	C:\windows\system32\twinapi.appcore.dll
0x00007ff875e10000 - 0x00007ff875e44000 	C:\Program Files\Common Files\Microsoft Shared\Ink\rtscom.dll
0x00007ff888720000 - 0x00007ff888819000 	C:\windows\SYSTEM32\textinputframework.dll
0x00007ff893df0000 - 0x00007ff893ee2000 	C:\windows\System32\CoreMessaging.dll
0x00007ff893710000 - 0x00007ff893a6e000 	C:\windows\System32\CoreUIComponents.dll
0x00007ff895820000 - 0x00007ff895853000 	C:\windows\SYSTEM32\ntmarta.dll
0x00007ff892730000 - 0x00007ff892884000 	C:\windows\SYSTEM32\wintypes.dll

dbghelp: loaded successfully - version: 4.0.5 - missing functions: none
symbol engine: initialized successfully - sym options: 0x614 - pdb path: .;C:\Program Files\Java\jdk-17.0.2\bin;C:\windows\SYSTEM32;C:\windows\WinSxS\amd64_microsoft.windows.common-controls_6595b64144ccf1df_6.0.19041.1110_none_60b5254171f9507e;C:\Program Files\Java\jdk-17.0.2\bin\server;C:\Program Files\JetBrains\IntelliJ IDEA 2021.3.2\bin;C:\Users\wdrss\.openjfx\cache\17.0.1;C:\windows\System32\DriverStore\FileRepository\u0364701.inf_amd64_ca396d1944af3dbf\B364780;C:\Program Files\Common Files\Microsoft Shared\Ink

VM Arguments:
jvm_args: -javaagent:C:\Program Files\JetBrains\IntelliJ IDEA 2021.3.2\lib\idea_rt.jar=54352:C:\Program Files\JetBrains\IntelliJ IDEA 2021.3.2\bin -Dfile.encoding=UTF-8 --module-path=C:\Users\wdrss\.m2\repository\com\dlsc\formsfx\formsfx-core\11.3.2\formsfx-core-11.3.2.jar;C:\Users\wdrss\.m2\repository\org\kordamp\ikonli\ikonli-core\12.2.0\ikonli-core-12.2.0.jar;C:\Users\wdrss\.m2\repository\org\openjfx\javafx-graphics\17.0.1\javafx-graphics-17.0.1-win.jar;C:\Users\wdrss\.m2\repository\org\openjfx\javafx-controls\17.0.1\javafx-controls-17.0.1-win.jar;C:\Users\wdrss\.m2\repository\org\openjfx\javafx-base\17.0.1\javafx-base-17.0.1-win.jar;C:\Users\wdrss\.m2\repository\org\openjfx\javafx-media\17.0.1\javafx-media-17.0.1-win.jar;C:\Users\wdrss\SDGroupProject\target\classes;C:\Users\wdrss\.m2\repository\org\kordamp\ikonli\ikonli-javafx\12.2.0\ikonli-javafx-12.2.0.jar;C:\Users\wdrss\.m2\repository\org\controlsfx\controlsfx\11.1.0\controlsfx-11.1.0.jar;C:\Users\wdrss\.m2\repository\org\openjfx\javafx-fxml\17.0.1\javafx-fxml-17.0.1-win.jar;C:\Users\wdrss\.m2\repository\org\openjfx\javafx-web\17.0.1\javafx-web-17.0.1-win.jar;C:\Users\wdrss\.m2\repository\net\synedra\validatorfx\0.1.13\validatorfx-0.1.13.jar;C:\Users\wdrss\.m2\repository\eu\hansolo\tilesfx\11.48\tilesfx-11.48.jar;C:\Users\wdrss\.m2\repository\org\kordamp\bootstrapfx\bootstrapfx-core\0.4.0\bootstrapfx-core-0.4.0.jar -Djdk.module.main=com.example.sdgroupproject 
java_command: com.example.sdgroupproject/com.example.sdgroupproject.Application
java_class_path (initial): C:\Users\wdrss\Downloads\fontawesomefx-8.9.jar;C:\Users\wdrss\.m2\repository\org\openjfx\javafx-controls\17.0.1\javafx-controls-17.0.1.jar;C:\Users\wdrss\.m2\repository\org\openjfx\javafx-graphics\17.0.1\javafx-graphics-17.0.1.jar;C:\Users\wdrss\.m2\repository\org\openjfx\javafx-fxml\17.0.1\javafx-fxml-17.0.1.jar;C:\Users\wdrss\.m2\repository\org\openjfx\javafx-web\17.0.1\javafx-web-17.0.1.jar;C:\Users\wdrss\.m2\repository\org\openjfx\javafx-media\17.0.1\javafx-media-17.0.1.jar;C:\Users\wdrss\.m2\repository\org\openjfx\javafx-base\17.0.1\javafx-base-17.0.1.jar
Launcher Type: SUN_STANDARD

[Global flags]
     intx CICompilerCount                          = 12                                        {product} {ergonomic}
     uint ConcGCThreads                            = 3                                         {product} {ergonomic}
     uint G1ConcRefinementThreads                  = 13                                        {product} {ergonomic}
   size_t G1HeapRegionSize                         = 2097152                                   {product} {ergonomic}
    uintx GCDrainStackTargetSize                   = 64                                        {product} {ergonomic}
   size_t InitialHeapSize                          = 257949696                                 {product} {ergonomic}
   size_t MarkStackSize                            = 4194304                                   {product} {ergonomic}
   size_t MaxHeapSize                              = 4120903680                                {product} {ergonomic}
   size_t MaxNewSize                               = 2472542208                                {product} {ergonomic}
   size_t MinHeapDeltaBytes                        = 2097152                                   {product} {ergonomic}
   size_t MinHeapSize                              = 8388608                                   {product} {ergonomic}
    uintx NonNMethodCodeHeapSize                   = 7602480                                {pd product} {ergonomic}
    uintx NonProfiledCodeHeapSize                  = 122027880                              {pd product} {ergonomic}
    uintx ProfiledCodeHeapSize                     = 122027880                              {pd product} {ergonomic}
    uintx ReservedCodeCacheSize                    = 251658240                              {pd product} {ergonomic}
     bool SegmentedCodeCache                       = true                                      {product} {ergonomic}
   size_t SoftMaxHeapSize                          = 4120903680                             {manageable} {ergonomic}
     bool UseCompressedClassPointers               = true                           {product lp64_product} {ergonomic}
     bool UseCompressedOops                        = true                           {product lp64_product} {ergonomic}
     bool UseG1GC                                  = true                                      {product} {ergonomic}
     bool UseLargePagesIndividualAllocation        = false                                  {pd product} {ergonomic}

Logging:
Log output configuration:
 #0: stdout all=off uptime,level,tags
 #1: stderr all=off uptime,level,tags

Environment Variables:
PATH=C:\Program Files\Common Files\Oracle\Java\javapath;C:\windows\system32;C:\windows;C:\windows\System32\Wbem;C:\windows\System32\WindowsPowerShell\v1.0\;C:\windows\System32\OpenSSH\;C:\Program Files\Git\cmd;C:\Program Files\dotnet\;C:\Users\wdrss\AppData\Local\Microsoft\WindowsApps;;C:\Program Files\JetBrains\IntelliJ IDEA 2021.3.2\bin;
USERNAME=wdrss
OS=Windows_NT
PROCESSOR_IDENTIFIER=AMD64 Family 23 Model 104 Stepping 1, AuthenticAMD



---------------  S Y S T E M  ---------------

OS:
 Windows 10 , 64 bit Build 19041 (10.0.19041.1503)
OS uptime: 31 days 20:09 hours
Hyper-V role detected

CPU: total 16 (initial active 16) (16 cores per cpu, 2 threads per core) family 23 model 104 stepping 1 microcode 0x0, cx8, cmov, fxsr, ht, mmx, 3dnowpref, sse, sse2, sse3, ssse3, sse4a, sse4.1, sse4.2, popcnt, lzcnt, tsc, tscinvbit, avx, avx2, aes, clmul, bmi1, bmi2, adx, sha, fma, vzeroupper, clflush, clflushopt, hv

Memory: 4k page, system-wide physical 15712M (2497M free)
TotalPageFile size 42336M (AvailPageFile size 13324M)
current process WorkingSet (physical memory assigned to process): 180M, peak: 182M
current process commit charge ("private bytes"): 437M, peak: 451M

vm_info: Java HotSpot(TM) 64-Bit Server VM (17.0.2+8-LTS-86) for windows-amd64 JRE (17.0.2+8-LTS-86), built on Dec  7 2021 21:51:03 by "mach5one" with MS VC++ 16.8 / 16.9 (VS2019)

END.
