#
# A fatal error has been detected by the Java Runtime Environment:
#
#  EXCEPTION_ACCESS_VIOLATION (0xc0000005) at pc=0x00007ff870406a87, pid=3868, tid=54980
#
# JRE version: Java(TM) SE Runtime Environment (17.0.2+8) (build 17.0.2+8-LTS-86)
# Java VM: Java HotSpot(TM) 64-Bit Server VM (17.0.2+8-LTS-86, mixed mode, sharing, tiered, compressed oops, compressed class ptrs, g1 gc, windows-amd64)
# Problematic frame:
# C  [glass.dll+0x26a87]
#
# No core dump will be written. Minidumps are not enabled by default on client versions of Windows
#
# If you would like to submit a bug report, please visit:
#   https://bugreport.java.com/bugreport/crash.jsp
#

---------------  S U M M A R Y ------------

Command Line: -javaagent:C:\Program Files\JetBrains\IntelliJ IDEA 2021.3.2\lib\idea_rt.jar=63497:C:\Program Files\JetBrains\IntelliJ IDEA 2021.3.2\bin -Dfile.encoding=UTF-8 --module-path=C:\Users\wdrss\.m2\repository\com\dlsc\formsfx\formsfx-core\11.3.2\formsfx-core-11.3.2.jar;C:\Users\wdrss\.m2\repository\org\kordamp\ikonli\ikonli-core\12.2.0\ikonli-core-12.2.0.jar;C:\Users\wdrss\.m2\repository\org\openjfx\javafx-graphics\17.0.1\javafx-graphics-17.0.1-win.jar;C:\Users\wdrss\.m2\repository\org\openjfx\javafx-controls\17.0.1\javafx-controls-17.0.1-win.jar;C:\Users\wdrss\.m2\repository\org\openjfx\javafx-base\17.0.1\javafx-base-17.0.1-win.jar;C:\Users\wdrss\.m2\repository\org\openjfx\javafx-media\17.0.1\javafx-media-17.0.1-win.jar;C:\Users\wdrss\.m2\repository\org\kordamp\ikonli\ikonli-javafx\12.2.0\ikonli-javafx-12.2.0.jar;C:\Users\wdrss\SDGroupProject\target\classes;C:\Users\wdrss\.m2\repository\org\controlsfx\controlsfx\11.1.0\controlsfx-11.1.0.jar;C:\Users\wdrss\.m2\repository\org\openjfx\javafx-fxml\17.0.1\javafx-fxml-17.0.1-win.jar;C:\Users\wdrss\.m2\repository\org\openjfx\javafx-web\17.0.1\javafx-web-17.0.1-win.jar;C:\Users\wdrss\.m2\repository\net\synedra\validatorfx\0.1.13\validatorfx-0.1.13.jar;C:\Users\wdrss\.m2\repository\eu\hansolo\tilesfx\11.48\tilesfx-11.48.jar;C:\Users\wdrss\.m2\repository\org\kordamp\bootstrapfx\bootstrapfx-core\0.4.0\bootstrapfx-core-0.4.0.jar -Djdk.module.main=com.example.sdgroupproject com.example.sdgroupproject/com.example.sdgroupproject.Application

Host: AMD Ryzen 7 5700U with Radeon Graphics         , 16 cores, 15G,  Windows 10 , 64 bit Build 19041 (10.0.19041.1503)
Time: Sun Apr 10 14:47:19 2022 West-Europa (zomertijd) elapsed time: 81.727153 seconds (0d 0h 1m 21s)

---------------  T H R E A D  ---------------

Current thread (0x000001ad5beed050):  VMThread "VM Thread" [stack: 0x00000024d5600000,0x00000024d5700000] [id=54980]

Stack: [0x00000024d5600000,0x00000024d5700000],  sp=0x00000024d56ff3d0,  free space=1020k
Native frames: (J=compiled Java code, j=interpreted, Vv=VM code, C=native code)
C  [glass.dll+0x26a87]


siginfo: EXCEPTION_ACCESS_VIOLATION (0xc0000005), reading address 0x0000000000000000


Register to memory mapping:

RIP=0x00007ff870406a87 glass.dll
RAX=0x0 is NULL
RBX=0x000001ad5bf07828 is a global jni handle
RCX=0x000001ad5beed050 points into unknown readable memory: 0x00007ff83f27e890 | 90 e8 27 3f f8 7f 00 00
RDX=0x00000024d56ff3d0 points into unknown readable memory: 0x0000000000000000 | 00 00 00 00 00 00 00 00
RSP=0x00000024d56ff3d0 points into unknown readable memory: 0x0000000000000000 | 00 00 00 00 00 00 00 00
RBP=0x000001ad5e33dd48 points into unknown readable memory: 0x00002848f57daef4 | f4 ae 7d f5 48 28 00 00
RSI=0x000001ad5e33dd20 points into unknown readable memory: 0xe6c0284f0afaaaf7 | f7 aa fa 0a 4f 28 c0 e6
RDI=0x00002848f57daef4 is an unknown value
R8 =0x0000000000010002 is an unknown value
R9 =0x00002848f57daef4 is an unknown value
R10=0x0000000000008000 is an unknown value
R11=0x00000024d56ff360 points into unknown readable memory: 0x000001ad5e33dd20 | 20 dd 33 5e ad 01 00 00
R12=0x00007ff870404354 glass.dll
R13=0x00007ff83f4249d0 jvm.dll
R14=0x00000024d56ff4c8 points into unknown readable memory: 0x00000024d56ff4b0 | b0 f4 6f d5 24 00 00 00
R15=0x000001ad5e33dd20 points into unknown readable memory: 0xe6c0284f0afaaaf7 | f7 aa fa 0a 4f 28 c0 e6


Registers:
RAX=0x0000000000000000, RBX=0x000001ad5bf07828, RCX=0x000001ad5beed050, RDX=0x00000024d56ff3d0
RSP=0x00000024d56ff3d0, RBP=0x000001ad5e33dd48, RSI=0x000001ad5e33dd20, RDI=0x00002848f57daef4
R8 =0x0000000000010002, R9 =0x00002848f57daef4, R10=0x0000000000008000, R11=0x00000024d56ff360
R12=0x00007ff870404354, R13=0x00007ff83f4249d0, R14=0x00000024d56ff4c8, R15=0x000001ad5e33dd20
RIP=0x00007ff870406a87, EFLAGS=0x0000000000010202

Top of Stack: (sp=0x00000024d56ff3d0)
0x00000024d56ff3d0:   0000000000000000 000001ad5e33dd20
0x00000024d56ff3e0:   00007ff83f4249d0 00007ff870404354
0x00000024d56ff3f0:   000001ad5e33dd28 00007ff896c442d6
0x00000024d56ff400:   00002848f57daef4 000001ad00000000
0x00000024d56ff410:   000001ad5e33dd48 000001ad5e33dd20
0x00000024d56ff420:   fffffffffffffffe 0000000000000000
0x00000024d56ff430:   0000000000000001 00007ff8703e0000
0x00000024d56ff440:   00000024d56ff4b8 00007ff896c441fb
0x00000024d56ff450:   0000000000000000 00000024d56ff4c8
0x00000024d56ff460:   00000024d56ff790 00007ff896d20e40
0x00000024d56ff470:   0000000000000001 00007ff896c441b4
0x00000024d56ff480:   0000000000000000 0000000000000001
0x00000024d56ff490:   0000000000000000 00000024d56ff4b8
0x00000024d56ff4a0:   0000000000000001 00007ff8704041e1
0x00000024d56ff4b0:   00007ff87041a138 00007ff800000002
0x00000024d56ff4c0:   0000000000000002 00000024d56ff4b0 

Instructions: (pc=0x00007ff870406a87)
0x00007ff870406987:   8b 4d 58 e8 01 cf ff ff 48 8b 4d 60 e8 f8 ce ff
0x00007ff870406997:   ff 48 8b 95 80 00 00 00 48 8b 8d 18 01 00 00 e8
0x00007ff8704069a7:   c6 c3 ff ff 33 d2 33 c9 e8 3c e1 ff ff 90 48 89
0x00007ff8704069b7:   54 24 10 55 48 83 ec 20 48 8b ea 48 b8 00 00 00
0x00007ff8704069c7:   00 00 00 00 00 48 83 c4 20 5d c3 cc 40 55 48 8b
0x00007ff8704069d7:   ea 48 8b 01 33 c9 81 38 05 00 00 c0 0f 94 c1 8b
0x00007ff8704069e7:   c1 5d c3 cc 40 55 48 83 ec 20 48 8b ea 8a 4d 40
0x00007ff8704069f7:   48 83 c4 20 5d e9 f7 d2 ff ff cc 40 55 48 83 ec
0x00007ff870406a07:   20 48 8b ea 8a 4d 20 e8 e5 d2 ff ff 90 48 83 c4
0x00007ff870406a17:   20 5d c3 cc 40 55 48 83 ec 20 48 8b ea 48 83 c4
0x00007ff870406a27:   20 5d e9 46 d1 ff ff cc 40 55 48 83 ec 30 48 8b
0x00007ff870406a37:   ea 48 8b 01 8b 10 48 89 4c 24 28 89 54 24 20 4c
0x00007ff870406a47:   8d 0d e7 d5 ff ff 4c 8b 45 70 8b 55 68 48 8b 4d
0x00007ff870406a57:   60 e8 87 d0 ff ff 90 48 83 c4 30 5d c3 cc cc cc
0x00007ff870406a67:   cc cc cc cc cc cc cc cc cc 40 53 48 83 ec 20 48
0x00007ff870406a77:   8b 1d b3 30 01 00 48 85 db 74 16 e8 09 8b ff ff
0x00007ff870406a87:   4c 8b 00 48 8b d3 48 8b c8 41 ff 90 b0 00 00 00
0x00007ff870406a97:   90 48 83 c4 20 5b c3 cc cc 40 53 48 83 ec 20 48
0x00007ff870406aa7:   8b 1d 2b 32 01 00 48 85 db 74 57 b8 ff ff ff ff
0x00007ff870406ab7:   f0 0f c1 43 10 83 f8 01 75 3d 48 85 db 74 38 48
0x00007ff870406ac7:   8b 0b 48 85 c9 74 0d ff 15 d4 07 00 00 48 c7 03
0x00007ff870406ad7:   00 00 00 00 48 8b 4b 08 48 85 c9 74 0d e8 a7 cd
0x00007ff870406ae7:   ff ff 48 c7 43 08 00 00 00 00 ba 18 00 00 00 48
0x00007ff870406af7:   8b cb e8 92 cd ff ff 48 c7 05 cf 31 01 00 00 00
0x00007ff870406b07:   00 00 48 83 c4 20 5b c3 cc 40 53 48 83 ec 20 48
0x00007ff870406b17:   8b 1d 9b 31 01 00 48 85 db 74 57 b8 ff ff ff ff
0x00007ff870406b27:   f0 0f c1 43 10 83 f8 01 75 3d 48 85 db 74 38 48
0x00007ff870406b37:   8b 0b 48 85 c9 74 0d ff 15 64 07 00 00 48 c7 03
0x00007ff870406b47:   00 00 00 00 48 8b 4b 08 48 85 c9 74 0d e8 37 cd
0x00007ff870406b57:   ff ff 48 c7 43 08 00 00 00 00 ba 18 00 00 00 48
0x00007ff870406b67:   8b cb e8 22 cd ff ff 48 c7 05 3f 31 01 00 00 00
0x00007ff870406b77:   00 00 48 83 c4 20 5b c3 cc 40 53 48 83 ec 20 48 


Stack slot to memory mapping:
stack at sp + 0 slots: 0x0 is NULL
stack at sp + 1 slots: 0x000001ad5e33dd20 points into unknown readable memory: 0xe6c0284f0afaaaf7 | f7 aa fa 0a 4f 28 c0 e6
stack at sp + 2 slots: 0x00007ff83f4249d0 jvm.dll
stack at sp + 3 slots: 0x00007ff870404354 glass.dll
stack at sp + 4 slots: 0x000001ad5e33dd28 points into unknown readable memory: 0x00002848f57daef4 | f4 ae 7d f5 48 28 00 00
stack at sp + 5 slots: 0x00007ff896c442d6 ucrtbase.dll
stack at sp + 6 slots: 0x00002848f57daef4 is an unknown value
stack at sp + 7 slots: 0x000001ad00000000 is an unknown value

VM_Operation (0x00000024d4dff330): Exit, mode: safepoint, requested by thread 0x000001ad5e7405d0


---------------  P R O C E S S  ---------------

Threads class SMR info:
_java_thread_list=0x000001ad5e767030, length=21, elements={
0x000001ad38c7fbe0, 0x000001ad5bef2200, 0x000001ad5bef2d80, 0x000001ad5bf0b630,
0x000001ad5bf0bef0, 0x000001ad5bf0c7b0, 0x000001ad5bf0d810, 0x000001ad5bf0e400,
0x000001ad5bf0f4a0, 0x000001ad5bf19330, 0x000001ad5ca10240, 0x000001ad5e2579b0,
0x000001ad5defb970, 0x000001ad5d55fa00, 0x000001ad5de9f770, 0x000001ad5dea2c80,
0x000001ad5d67b430, 0x000001ad5e18faf0, 0x000001ad5e741910, 0x000001ad5e741de0,
0x000001ad5e7405d0
}

Java Threads: ( => current thread )
  0x000001ad38c7fbe0 JavaThread "main" [_thread_blocked, id=33492, stack(0x00000024d5000000,0x00000024d5100000)]
  0x000001ad5bef2200 JavaThread "Reference Handler" daemon [_thread_blocked, id=35420, stack(0x00000024d5700000,0x00000024d5800000)]
  0x000001ad5bef2d80 JavaThread "Finalizer" daemon [_thread_blocked, id=59516, stack(0x00000024d5800000,0x00000024d5900000)]
  0x000001ad5bf0b630 JavaThread "Signal Dispatcher" daemon [_thread_blocked, id=54276, stack(0x00000024d5900000,0x00000024d5a00000)]
  0x000001ad5bf0bef0 JavaThread "Attach Listener" daemon [_thread_blocked, id=11488, stack(0x00000024d5a00000,0x00000024d5b00000)]
  0x000001ad5bf0c7b0 JavaThread "Service Thread" daemon [_thread_blocked, id=11968, stack(0x00000024d5b00000,0x00000024d5c00000)]
  0x000001ad5bf0d810 JavaThread "Monitor Deflation Thread" daemon [_thread_blocked, id=25544, stack(0x00000024d5c00000,0x00000024d5d00000)]
  0x000001ad5bf0e400 JavaThread "C2 CompilerThread0" daemon [_thread_blocked, id=55964, stack(0x00000024d5d00000,0x00000024d5e00000)]
  0x000001ad5bf0f4a0 JavaThread "C1 CompilerThread0" daemon [_thread_blocked, id=29228, stack(0x00000024d5e00000,0x00000024d5f00000)]
  0x000001ad5bf19330 JavaThread "Sweeper thread" daemon [_thread_blocked, id=31084, stack(0x00000024d5f00000,0x00000024d6000000)]
  0x000001ad5ca10240 JavaThread "Common-Cleaner" daemon [_thread_blocked, id=41008, stack(0x00000024d6100000,0x00000024d6200000)]
  0x000001ad5e2579b0 JavaThread "Monitor Ctrl-Break" daemon [_thread_in_native, id=38724, stack(0x00000024d6900000,0x00000024d6a00000)]
  0x000001ad5defb970 JavaThread "Notification Thread" daemon [_thread_blocked, id=10192, stack(0x00000024d6a00000,0x00000024d6b00000)]
  0x000001ad5d55fa00 JavaThread "QuantumRenderer-0" daemon [_thread_blocked, id=42208, stack(0x00000024d6c00000,0x00000024d6d00000)]
  0x000001ad5de9f770 JavaThread "InvokeLaterDispatcher" daemon [_thread_blocked, id=31768, stack(0x00000024d6f00000,0x00000024d7000000)]
  0x000001ad5dea2c80 JavaThread "JavaFX Application Thread" [_thread_in_native, id=41924, stack(0x00000024d7000000,0x00000024d7100000)]
  0x000001ad5d67b430 JavaThread "Thread-1" daemon [_thread_in_native, id=59424, stack(0x00000024d7b00000,0x00000024d7c00000)]
  0x000001ad5e18faf0 JavaThread "JavaFX-Launcher" [_thread_blocked, id=59040, stack(0x00000024d7c00000,0x00000024d7d00000)]
  0x000001ad5e741910 JavaThread "Prism Font Disposer" daemon [_thread_blocked, id=392, stack(0x00000024d6800000,0x00000024d6900000)]
  0x000001ad5e741de0 JavaThread "Cleaner-0" daemon [_thread_blocked, id=47656, stack(0x00000024d8300000,0x00000024d8400000)]
  0x000001ad5e7405d0 JavaThread "SIGINT handler" daemon [_thread_blocked, id=23068, stack(0x00000024d4d00000,0x00000024d4e00000)]

Other Threads:
=>0x000001ad5beed050 VMThread "VM Thread" [stack: 0x00000024d5600000,0x00000024d5700000] [id=54980]
  0x000001ad38ccfe50 GCTaskThread "GC Thread#0" [stack: 0x00000024d5100000,0x00000024d5200000] [id=64348]
  0x000001ad5e1396a0 GCTaskThread "GC Thread#1" [stack: 0x00000024d7d00000,0x00000024d7e00000] [id=58812]
  0x000001ad5e139950 GCTaskThread "GC Thread#2" [stack: 0x00000024d7e00000,0x00000024d7f00000] [id=15796]
  0x000001ad5e139c00 GCTaskThread "GC Thread#3" [stack: 0x00000024d7f00000,0x00000024d8000000] [id=51720]
  0x000001ad5e139eb0 GCTaskThread "GC Thread#4" [stack: 0x00000024d8000000,0x00000024d8100000] [id=59412]
  0x000001ad5e13a160 GCTaskThread "GC Thread#5" [stack: 0x00000024d8100000,0x00000024d8200000] [id=13704]
  0x000001ad5e9ac3e0 GCTaskThread "GC Thread#6" [stack: 0x00000024d6400000,0x00000024d6500000] [id=37996]
  0x000001ad5e60cbd0 GCTaskThread "GC Thread#7" [stack: 0x00000024d6500000,0x00000024d6600000] [id=61044]
  0x000001ad5e89aa70 GCTaskThread "GC Thread#8" [stack: 0x00000024d6600000,0x00000024d6700000] [id=59012]
  0x000001ad5e89a510 GCTaskThread "GC Thread#9" [stack: 0x00000024d6700000,0x00000024d6800000] [id=49388]
  0x000001ad5e89ad20 GCTaskThread "GC Thread#10" [stack: 0x00000024d8400000,0x00000024d8500000] [id=60996]
  0x000001ad5e89a7c0 GCTaskThread "GC Thread#11" [stack: 0x00000024d8500000,0x00000024d8600000] [id=64420]
  0x000001ad5e89a260 GCTaskThread "GC Thread#12" [stack: 0x00000024d8600000,0x00000024d8700000] [id=35784]
  0x000001ad38ce0230 ConcurrentGCThread "G1 Main Marker" terminated
  0x000001ad38ce4210 ConcurrentGCThread "G1 Conc#0" [stack: 0x00000024d5300000,0x00000024d5400000] [id=61368]
  0x000001ad38d5dc40 ConcurrentGCThread "G1 Refine#0" terminated
  0x000001ad38d5e470 ConcurrentGCThread "G1 Service" terminated

Threads with active compile tasks:

VM state: at safepoint (shutting down)

VM Mutex/Monitor currently owned by a thread:  ([mutex/lock_event])
[0x000001ad38c7cb80] Threads_lock - owner thread: 0x000001ad5beed050
[0x000001ad38c7c310] Heap_lock - owner thread: 0x000001ad5e7405d0

Heap address: 0x000000070a600000, size: 3930 MB, Compressed Oops mode: Zero based, Oop shift amount: 3

CDS archive(s) mapped at: [0x0000000800000000-0x0000000800bc0000-0x0000000800bc0000), size 12320768, SharedBaseAddress: 0x0000000800000000, ArchiveRelocationMode: 0.
Compressed class space mapped at: 0x0000000800c00000-0x0000000840c00000, reserved size: 1073741824
Narrow klass base: 0x0000000800000000, Narrow klass shift: 0, Narrow klass range: 0x100000000

GC Precious Log:
 CPUs: 16 total, 16 available
 Memory: 15712M
 Large Page Support: Disabled
 NUMA Support: Disabled
 Compressed Oops: Enabled (Zero based)
 Heap Region Size: 2M
 Heap Min Capacity: 8M
 Heap Initial Capacity: 246M
 Heap Max Capacity: 3930M
 Pre-touch: Disabled
 Parallel Workers: 13
 Concurrent Workers: 3
 Concurrent Refinement Workers: 13
 Periodic GC: Disabled

Heap:
 garbage-first heap   total 251904K, used 28465K [0x000000070a600000, 0x0000000800000000)
  region size 2048K, 13 young (26624K), 3 survivors (6144K)
 Metaspace       used 17043K, committed 17280K, reserved 1064960K
  class space    used 2450K, committed 2560K, reserved 1048576K

Heap Regions: E=young(eden), S=young(survivor), O=old, HS=humongous(starts), HC=humongous(continues), CS=collection set, F=free, OA=open archive, CA=closed archive, TAMS=top-at-mark-start (previous, next)
|   0|0x000000070a600000, 0x000000070a800000, 0x000000070a800000|100%|HS|  |TAMS 0x000000070a600000, 0x000000070a600000| Complete 
|   1|0x000000070a800000, 0x000000070a9cc600, 0x000000070aa00000| 89%| O|  |TAMS 0x000000070a800000, 0x000000070a800000| Untracked 
|   2|0x000000070aa00000, 0x000000070aa00000, 0x000000070ac00000|  0%| F|  |TAMS 0x000000070aa00000, 0x000000070aa00000| Untracked 
|   3|0x000000070ac00000, 0x000000070ac00000, 0x000000070ae00000|  0%| F|  |TAMS 0x000000070ac00000, 0x000000070ac00000| Untracked 
|   4|0x000000070ae00000, 0x000000070ae00000, 0x000000070b000000|  0%| F|  |TAMS 0x000000070ae00000, 0x000000070ae00000| Untracked 
|   5|0x000000070b000000, 0x000000070b000000, 0x000000070b200000|  0%| F|  |TAMS 0x000000070b000000, 0x000000070b000000| Untracked 
|   6|0x000000070b200000, 0x000000070b200000, 0x000000070b400000|  0%| F|  |TAMS 0x000000070b200000, 0x000000070b200000| Untracked 
|   7|0x000000070b400000, 0x000000070b400000, 0x000000070b600000|  0%| F|  |TAMS 0x000000070b400000, 0x000000070b400000| Untracked 
|   8|0x000000070b600000, 0x000000070b600000, 0x000000070b800000|  0%| F|  |TAMS 0x000000070b600000, 0x000000070b600000| Untracked 
|   9|0x000000070b800000, 0x000000070b800000, 0x000000070ba00000|  0%| F|  |TAMS 0x000000070b800000, 0x000000070b800000| Untracked 
|  10|0x000000070ba00000, 0x000000070ba00000, 0x000000070bc00000|  0%| F|  |TAMS 0x000000070ba00000, 0x000000070ba00000| Untracked 
|  11|0x000000070bc00000, 0x000000070bc00000, 0x000000070be00000|  0%| F|  |TAMS 0x000000070bc00000, 0x000000070bc00000| Untracked 
|  12|0x000000070be00000, 0x000000070be00000, 0x000000070c000000|  0%| F|  |TAMS 0x000000070be00000, 0x000000070be00000| Untracked 
|  13|0x000000070c000000, 0x000000070c000000, 0x000000070c200000|  0%| F|  |TAMS 0x000000070c000000, 0x000000070c000000| Untracked 
|  14|0x000000070c200000, 0x000000070c200000, 0x000000070c400000|  0%| F|  |TAMS 0x000000070c200000, 0x000000070c200000| Untracked 
|  15|0x000000070c400000, 0x000000070c400000, 0x000000070c600000|  0%| F|  |TAMS 0x000000070c400000, 0x000000070c400000| Untracked 
|  16|0x000000070c600000, 0x000000070c600000, 0x000000070c800000|  0%| F|  |TAMS 0x000000070c600000, 0x000000070c600000| Untracked 
|  17|0x000000070c800000, 0x000000070c800000, 0x000000070ca00000|  0%| F|  |TAMS 0x000000070c800000, 0x000000070c800000| Untracked 
|  18|0x000000070ca00000, 0x000000070ca00000, 0x000000070cc00000|  0%| F|  |TAMS 0x000000070ca00000, 0x000000070ca00000| Untracked 
|  19|0x000000070cc00000, 0x000000070cc00000, 0x000000070ce00000|  0%| F|  |TAMS 0x000000070cc00000, 0x000000070cc00000| Untracked 
|  20|0x000000070ce00000, 0x000000070ce00000, 0x000000070d000000|  0%| F|  |TAMS 0x000000070ce00000, 0x000000070ce00000| Untracked 
|  21|0x000000070d000000, 0x000000070d000000, 0x000000070d200000|  0%| F|  |TAMS 0x000000070d000000, 0x000000070d000000| Untracked 
|  22|0x000000070d200000, 0x000000070d200000, 0x000000070d400000|  0%| F|  |TAMS 0x000000070d200000, 0x000000070d200000| Untracked 
|  23|0x000000070d400000, 0x000000070d400000, 0x000000070d600000|  0%| F|  |TAMS 0x000000070d400000, 0x000000070d400000| Untracked 
|  24|0x000000070d600000, 0x000000070d600000, 0x000000070d800000|  0%| F|  |TAMS 0x000000070d600000, 0x000000070d600000| Untracked 
|  25|0x000000070d800000, 0x000000070d800000, 0x000000070da00000|  0%| F|  |TAMS 0x000000070d800000, 0x000000070d800000| Untracked 
|  26|0x000000070da00000, 0x000000070da00000, 0x000000070dc00000|  0%| F|  |TAMS 0x000000070da00000, 0x000000070da00000| Untracked 
|  27|0x000000070dc00000, 0x000000070dc00000, 0x000000070de00000|  0%| F|  |TAMS 0x000000070dc00000, 0x000000070dc00000| Untracked 
|  28|0x000000070de00000, 0x000000070de00000, 0x000000070e000000|  0%| F|  |TAMS 0x000000070de00000, 0x000000070de00000| Untracked 
|  29|0x000000070e000000, 0x000000070e000000, 0x000000070e200000|  0%| F|  |TAMS 0x000000070e000000, 0x000000070e000000| Untracked 
|  30|0x000000070e200000, 0x000000070e200000, 0x000000070e400000|  0%| F|  |TAMS 0x000000070e200000, 0x000000070e200000| Untracked 
|  31|0x000000070e400000, 0x000000070e400000, 0x000000070e600000|  0%| F|  |TAMS 0x000000070e400000, 0x000000070e400000| Untracked 
|  32|0x000000070e600000, 0x000000070e600000, 0x000000070e800000|  0%| F|  |TAMS 0x000000070e600000, 0x000000070e600000| Untracked 
|  33|0x000000070e800000, 0x000000070e800000, 0x000000070ea00000|  0%| F|  |TAMS 0x000000070e800000, 0x000000070e800000| Untracked 
|  34|0x000000070ea00000, 0x000000070ea00000, 0x000000070ec00000|  0%| F|  |TAMS 0x000000070ea00000, 0x000000070ea00000| Untracked 
|  35|0x000000070ec00000, 0x000000070ec00000, 0x000000070ee00000|  0%| F|  |TAMS 0x000000070ec00000, 0x000000070ec00000| Untracked 
|  36|0x000000070ee00000, 0x000000070ee00000, 0x000000070f000000|  0%| F|  |TAMS 0x000000070ee00000, 0x000000070ee00000| Untracked 
|  37|0x000000070f000000, 0x000000070f000000, 0x000000070f200000|  0%| F|  |TAMS 0x000000070f000000, 0x000000070f000000| Untracked 
|  38|0x000000070f200000, 0x000000070f200000, 0x000000070f400000|  0%| F|  |TAMS 0x000000070f200000, 0x000000070f200000| Untracked 
|  39|0x000000070f400000, 0x000000070f400000, 0x000000070f600000|  0%| F|  |TAMS 0x000000070f400000, 0x000000070f400000| Untracked 
|  40|0x000000070f600000, 0x000000070f600000, 0x000000070f800000|  0%| F|  |TAMS 0x000000070f600000, 0x000000070f600000| Untracked 
|  41|0x000000070f800000, 0x000000070f800000, 0x000000070fa00000|  0%| F|  |TAMS 0x000000070f800000, 0x000000070f800000| Untracked 
|  42|0x000000070fa00000, 0x000000070fa00000, 0x000000070fc00000|  0%| F|  |TAMS 0x000000070fa00000, 0x000000070fa00000| Untracked 
|  43|0x000000070fc00000, 0x000000070fc00000, 0x000000070fe00000|  0%| F|  |TAMS 0x000000070fc00000, 0x000000070fc00000| Untracked 
|  44|0x000000070fe00000, 0x000000070fe00000, 0x0000000710000000|  0%| F|  |TAMS 0x000000070fe00000, 0x000000070fe00000| Untracked 
|  45|0x0000000710000000, 0x0000000710000000, 0x0000000710200000|  0%| F|  |TAMS 0x0000000710000000, 0x0000000710000000| Untracked 
|  46|0x0000000710200000, 0x0000000710200000, 0x0000000710400000|  0%| F|  |TAMS 0x0000000710200000, 0x0000000710200000| Untracked 
|  47|0x0000000710400000, 0x0000000710400000, 0x0000000710600000|  0%| F|  |TAMS 0x0000000710400000, 0x0000000710400000| Untracked 
|  48|0x0000000710600000, 0x0000000710600000, 0x0000000710800000|  0%| F|  |TAMS 0x0000000710600000, 0x0000000710600000| Untracked 
|  49|0x0000000710800000, 0x0000000710800000, 0x0000000710a00000|  0%| F|  |TAMS 0x0000000710800000, 0x0000000710800000| Untracked 
|  50|0x0000000710a00000, 0x0000000710a00000, 0x0000000710c00000|  0%| F|  |TAMS 0x0000000710a00000, 0x0000000710a00000| Untracked 
|  51|0x0000000710c00000, 0x0000000710c00000, 0x0000000710e00000|  0%| F|  |TAMS 0x0000000710c00000, 0x0000000710c00000| Untracked 
|  52|0x0000000710e00000, 0x0000000710e00000, 0x0000000711000000|  0%| F|  |TAMS 0x0000000710e00000, 0x0000000710e00000| Untracked 
|  53|0x0000000711000000, 0x0000000711000000, 0x0000000711200000|  0%| F|  |TAMS 0x0000000711000000, 0x0000000711000000| Untracked 
|  54|0x0000000711200000, 0x0000000711200000, 0x0000000711400000|  0%| F|  |TAMS 0x0000000711200000, 0x0000000711200000| Untracked 
|  55|0x0000000711400000, 0x0000000711400000, 0x0000000711600000|  0%| F|  |TAMS 0x0000000711400000, 0x0000000711400000| Untracked 
|  56|0x0000000711600000, 0x0000000711600000, 0x0000000711800000|  0%| F|  |TAMS 0x0000000711600000, 0x0000000711600000| Untracked 
|  57|0x0000000711800000, 0x0000000711800000, 0x0000000711a00000|  0%| F|  |TAMS 0x0000000711800000, 0x0000000711800000| Untracked 
|  58|0x0000000711a00000, 0x0000000711a00000, 0x0000000711c00000|  0%| F|  |TAMS 0x0000000711a00000, 0x0000000711a00000| Untracked 
|  59|0x0000000711c00000, 0x0000000711c00000, 0x0000000711e00000|  0%| F|  |TAMS 0x0000000711c00000, 0x0000000711c00000| Untracked 
|  60|0x0000000711e00000, 0x0000000711e00000, 0x0000000712000000|  0%| F|  |TAMS 0x0000000711e00000, 0x0000000711e00000| Untracked 
|  61|0x0000000712000000, 0x0000000712000000, 0x0000000712200000|  0%| F|  |TAMS 0x0000000712000000, 0x0000000712000000| Untracked 
|  62|0x0000000712200000, 0x0000000712200000, 0x0000000712400000|  0%| F|  |TAMS 0x0000000712200000, 0x0000000712200000| Untracked 
|  63|0x0000000712400000, 0x0000000712400000, 0x0000000712600000|  0%| F|  |TAMS 0x0000000712400000, 0x0000000712400000| Untracked 
|  64|0x0000000712600000, 0x0000000712600000, 0x0000000712800000|  0%| F|  |TAMS 0x0000000712600000, 0x0000000712600000| Untracked 
|  65|0x0000000712800000, 0x0000000712800000, 0x0000000712a00000|  0%| F|  |TAMS 0x0000000712800000, 0x0000000712800000| Untracked 
|  66|0x0000000712a00000, 0x0000000712a00000, 0x0000000712c00000|  0%| F|  |TAMS 0x0000000712a00000, 0x0000000712a00000| Untracked 
|  67|0x0000000712c00000, 0x0000000712c00000, 0x0000000712e00000|  0%| F|  |TAMS 0x0000000712c00000, 0x0000000712c00000| Untracked 
|  68|0x0000000712e00000, 0x0000000712e00000, 0x0000000713000000|  0%| F|  |TAMS 0x0000000712e00000, 0x0000000712e00000| Untracked 
|  69|0x0000000713000000, 0x0000000713000000, 0x0000000713200000|  0%| F|  |TAMS 0x0000000713000000, 0x0000000713000000| Untracked 
|  70|0x0000000713200000, 0x0000000713200000, 0x0000000713400000|  0%| F|  |TAMS 0x0000000713200000, 0x0000000713200000| Untracked 
|  71|0x0000000713400000, 0x0000000713400000, 0x0000000713600000|  0%| F|  |TAMS 0x0000000713400000, 0x0000000713400000| Untracked 
|  72|0x0000000713600000, 0x0000000713600000, 0x0000000713800000|  0%| F|  |TAMS 0x0000000713600000, 0x0000000713600000| Untracked 
|  73|0x0000000713800000, 0x0000000713800000, 0x0000000713a00000|  0%| F|  |TAMS 0x0000000713800000, 0x0000000713800000| Untracked 
|  74|0x0000000713a00000, 0x0000000713a00000, 0x0000000713c00000|  0%| F|  |TAMS 0x0000000713a00000, 0x0000000713a00000| Untracked 
|  75|0x0000000713c00000, 0x0000000713c00000, 0x0000000713e00000|  0%| F|  |TAMS 0x0000000713c00000, 0x0000000713c00000| Untracked 
|  76|0x0000000713e00000, 0x0000000713e00000, 0x0000000714000000|  0%| F|  |TAMS 0x0000000713e00000, 0x0000000713e00000| Untracked 
|  77|0x0000000714000000, 0x0000000714000000, 0x0000000714200000|  0%| F|  |TAMS 0x0000000714000000, 0x0000000714000000| Untracked 
|  78|0x0000000714200000, 0x0000000714200000, 0x0000000714400000|  0%| F|  |TAMS 0x0000000714200000, 0x0000000714200000| Untracked 
|  79|0x0000000714400000, 0x0000000714400000, 0x0000000714600000|  0%| F|  |TAMS 0x0000000714400000, 0x0000000714400000| Untracked 
|  80|0x0000000714600000, 0x0000000714600000, 0x0000000714800000|  0%| F|  |TAMS 0x0000000714600000, 0x0000000714600000| Untracked 
|  81|0x0000000714800000, 0x0000000714800000, 0x0000000714a00000|  0%| F|  |TAMS 0x0000000714800000, 0x0000000714800000| Untracked 
|  82|0x0000000714a00000, 0x0000000714a00000, 0x0000000714c00000|  0%| F|  |TAMS 0x0000000714a00000, 0x0000000714a00000| Untracked 
|  83|0x0000000714c00000, 0x0000000714c00000, 0x0000000714e00000|  0%| F|  |TAMS 0x0000000714c00000, 0x0000000714c00000| Untracked 
|  84|0x0000000714e00000, 0x0000000714e00000, 0x0000000715000000|  0%| F|  |TAMS 0x0000000714e00000, 0x0000000714e00000| Untracked 
|  85|0x0000000715000000, 0x0000000715000000, 0x0000000715200000|  0%| F|  |TAMS 0x0000000715000000, 0x0000000715000000| Untracked 
|  86|0x0000000715200000, 0x0000000715200000, 0x0000000715400000|  0%| F|  |TAMS 0x0000000715200000, 0x0000000715200000| Untracked 
|  87|0x0000000715400000, 0x0000000715400000, 0x0000000715600000|  0%| F|  |TAMS 0x0000000715400000, 0x0000000715400000| Untracked 
|  88|0x0000000715600000, 0x0000000715600000, 0x0000000715800000|  0%| F|  |TAMS 0x0000000715600000, 0x0000000715600000| Untracked 
|  89|0x0000000715800000, 0x0000000715800000, 0x0000000715a00000|  0%| F|  |TAMS 0x0000000715800000, 0x0000000715800000| Untracked 
|  90|0x0000000715a00000, 0x0000000715a00000, 0x0000000715c00000|  0%| F|  |TAMS 0x0000000715a00000, 0x0000000715a00000| Untracked 
|  91|0x0000000715c00000, 0x0000000715c00000, 0x0000000715e00000|  0%| F|  |TAMS 0x0000000715c00000, 0x0000000715c00000| Untracked 
|  92|0x0000000715e00000, 0x0000000715e00000, 0x0000000716000000|  0%| F|  |TAMS 0x0000000715e00000, 0x0000000715e00000| Untracked 
|  93|0x0000000716000000, 0x0000000716000000, 0x0000000716200000|  0%| F|  |TAMS 0x0000000716000000, 0x0000000716000000| Untracked 
|  94|0x0000000716200000, 0x0000000716200000, 0x0000000716400000|  0%| F|  |TAMS 0x0000000716200000, 0x0000000716200000| Untracked 
|  95|0x0000000716400000, 0x0000000716400000, 0x0000000716600000|  0%| F|  |TAMS 0x0000000716400000, 0x0000000716400000| Untracked 
|  96|0x0000000716600000, 0x0000000716600000, 0x0000000716800000|  0%| F|  |TAMS 0x0000000716600000, 0x0000000716600000| Untracked 
|  97|0x0000000716800000, 0x0000000716800000, 0x0000000716a00000|  0%| F|  |TAMS 0x0000000716800000, 0x0000000716800000| Untracked 
|  98|0x0000000716a00000, 0x0000000716a00000, 0x0000000716c00000|  0%| F|  |TAMS 0x0000000716a00000, 0x0000000716a00000| Untracked 
|  99|0x0000000716c00000, 0x0000000716e00000, 0x0000000716e00000|100%| S|CS|TAMS 0x0000000716c00000, 0x0000000716c00000| Complete 
| 100|0x0000000716e00000, 0x0000000717000000, 0x0000000717000000|100%| S|CS|TAMS 0x0000000716e00000, 0x0000000716e00000| Complete 
| 101|0x0000000717000000, 0x0000000717200000, 0x0000000717200000|100%| S|CS|TAMS 0x0000000717000000, 0x0000000717000000| Complete 
| 102|0x0000000717200000, 0x0000000717200000, 0x0000000717400000|  0%| F|  |TAMS 0x0000000717200000, 0x0000000717200000| Untracked 
| 103|0x0000000717400000, 0x0000000717400000, 0x0000000717600000|  0%| F|  |TAMS 0x0000000717400000, 0x0000000717400000| Untracked 
| 104|0x0000000717600000, 0x0000000717600000, 0x0000000717800000|  0%| F|  |TAMS 0x0000000717600000, 0x0000000717600000| Untracked 
| 105|0x0000000717800000, 0x0000000717800000, 0x0000000717a00000|  0%| F|  |TAMS 0x0000000717800000, 0x0000000717800000| Untracked 
| 106|0x0000000717a00000, 0x0000000717a00000, 0x0000000717c00000|  0%| F|  |TAMS 0x0000000717a00000, 0x0000000717a00000| Untracked 
| 107|0x0000000717c00000, 0x0000000717c00000, 0x0000000717e00000|  0%| F|  |TAMS 0x0000000717c00000, 0x0000000717c00000| Untracked 
| 108|0x0000000717e00000, 0x0000000717e00000, 0x0000000718000000|  0%| F|  |TAMS 0x0000000717e00000, 0x0000000717e00000| Untracked 
| 109|0x0000000718000000, 0x0000000718000000, 0x0000000718200000|  0%| F|  |TAMS 0x0000000718000000, 0x0000000718000000| Untracked 
| 110|0x0000000718200000, 0x0000000718200000, 0x0000000718400000|  0%| F|  |TAMS 0x0000000718200000, 0x0000000718200000| Untracked 
| 111|0x0000000718400000, 0x0000000718400000, 0x0000000718600000|  0%| F|  |TAMS 0x0000000718400000, 0x0000000718400000| Untracked 
| 112|0x0000000718600000, 0x0000000718600000, 0x0000000718800000|  0%| F|  |TAMS 0x0000000718600000, 0x0000000718600000| Untracked 
| 113|0x0000000718800000, 0x00000007188b3b80, 0x0000000718a00000| 35%| E|  |TAMS 0x0000000718800000, 0x0000000718800000| Complete 
| 114|0x0000000718a00000, 0x0000000718c00000, 0x0000000718c00000|100%| E|CS|TAMS 0x0000000718a00000, 0x0000000718a00000| Complete 
| 115|0x0000000718c00000, 0x0000000718e00000, 0x0000000718e00000|100%| E|CS|TAMS 0x0000000718c00000, 0x0000000718c00000| Complete 
| 116|0x0000000718e00000, 0x0000000719000000, 0x0000000719000000|100%| E|CS|TAMS 0x0000000718e00000, 0x0000000718e00000| Complete 
| 117|0x0000000719000000, 0x0000000719200000, 0x0000000719200000|100%| E|CS|TAMS 0x0000000719000000, 0x0000000719000000| Complete 
| 118|0x0000000719200000, 0x0000000719400000, 0x0000000719400000|100%| E|CS|TAMS 0x0000000719200000, 0x0000000719200000| Complete 
| 119|0x0000000719400000, 0x0000000719600000, 0x0000000719600000|100%| E|CS|TAMS 0x0000000719400000, 0x0000000719400000| Complete 
| 120|0x0000000719600000, 0x0000000719800000, 0x0000000719800000|100%| E|CS|TAMS 0x0000000719600000, 0x0000000719600000| Complete 
| 121|0x0000000719800000, 0x0000000719a00000, 0x0000000719a00000|100%| E|CS|TAMS 0x0000000719800000, 0x0000000719800000| Complete 
| 122|0x0000000719a00000, 0x0000000719c00000, 0x0000000719c00000|100%| E|CS|TAMS 0x0000000719a00000, 0x0000000719a00000| Complete 

Card table byte_map: [0x000001ad50510000,0x000001ad50cc0000] _byte_map_base: 0x000001ad4ccbd000

Marking Bits (Prev, Next): (CMBitMap*) 0x000001ad38cd0370, (CMBitMap*) 0x000001ad38cd03b0
 Prev Bits: [0x000001ad51470000, 0x000001ad551d8000)
 Next Bits: [0x000001ad551e0000, 0x000001ad58f48000)

Polling page: 0x000001ad369d0000

Metaspace:

Usage:
  Non-class:     14.25 MB used.
      Class:      2.39 MB used.
       Both:     16.64 MB used.

Virtual space:
  Non-class space:       16.00 MB reserved,      14.38 MB ( 90%) committed,  2 nodes.
      Class space:        1.00 GB reserved,       2.50 MB ( <1%) committed,  1 nodes.
             Both:        1.02 GB reserved,      16.88 MB (  2%) committed. 

Chunk freelists:
   Non-Class:  1.41 MB
       Class:  1.50 MB
        Both:  2.91 MB

MaxMetaspaceSize: unlimited
CompressedClassSpaceSize: 1.00 GB
Initial GC threshold: 21.00 MB
Current GC threshold: 21.00 MB
CDS: on
MetaspaceReclaimPolicy: balanced
 - commit_granule_bytes: 65536.
 - commit_granule_words: 8192.
 - virtual_space_node_default_size: 1048576.
 - enlarge_chunks_in_place: 1.
 - new_chunks_are_fully_committed: 0.
 - uncommit_free_chunks: 1.
 - use_allocation_guard: 0.
 - handle_deallocations: 1.


Internal statistics:

num_allocs_failed_limit: 0.
num_arena_births: 212.
num_arena_deaths: 0.
num_vsnodes_births: 3.
num_vsnodes_deaths: 0.
num_space_committed: 270.
num_space_uncommitted: 0.
num_chunks_returned_to_freelist: 0.
num_chunks_taken_from_freelist: 760.
num_chunk_merges: 0.
num_chunk_splits: 516.
num_chunks_enlarged: 399.
num_purges: 0.
num_inconsistent_stats: 0.

CodeHeap 'non-profiled nmethods': size=119168Kb used=1102Kb max_used=1102Kb free=118065Kb
 bounds [0x000001ad48080000, 0x000001ad482f0000, 0x000001ad4f4e0000]
CodeHeap 'profiled nmethods': size=119104Kb used=5543Kb max_used=5543Kb free=113560Kb
 bounds [0x000001ad40c30000, 0x000001ad411a0000, 0x000001ad48080000]
CodeHeap 'non-nmethods': size=7488Kb used=1438Kb max_used=3149Kb free=6049Kb
 bounds [0x000001ad404e0000, 0x000001ad40800000, 0x000001ad40c30000]
 total_blobs=3681 nmethods=2874 adapters=718
 compilation: enabled
              stopped_count=0, restarted_count=0
 full_count=0

Compilation events (20 events):
Event: 8.022 Thread 0x000001ad5bf0f4a0 2869   !   3       com.sun.javafx.event.EventUtil::fireEvent (81 bytes)
Event: 8.022 Thread 0x000001ad5bf1e7e0 2868       3       javafx.event.Event::fireEvent (35 bytes)
Event: 8.022 Thread 0x000001ad5bf1e7e0 nmethod 2868 0x000001ad41194690 code [0x000001ad41194860, 0x000001ad41194b88]
Event: 8.022 Thread 0x000001ad5bf1e7e0 2870       3       com.sun.javafx.event.EventUtil::fireEventImpl (16 bytes)
Event: 8.022 Thread 0x000001ad5bf1e7e0 nmethod 2870 0x000001ad41194c90 code [0x000001ad41194e40, 0x000001ad41195098]
Event: 8.022 Thread 0x000001ad5bf1e7e0 2871       3       javafx.stage.Window::buildEventDispatchChain (32 bytes)
Event: 8.022 Thread 0x000001ad5bf1e7e0 nmethod 2871 0x000001ad41195210 code [0x000001ad411953e0, 0x000001ad41195938]
Event: 8.022 Thread 0x000001ad5bf1e7e0 2872       3       com.sun.javafx.event.EventRedirector::dispatchCapturingEvent (52 bytes)
Event: 8.023 Thread 0x000001ad5bf1e7e0 nmethod 2872 0x000001ad41195b10 code [0x000001ad41195d00, 0x000001ad41196388]
Event: 8.023 Thread 0x000001ad5bf1e7e0 2873       3       com.sun.javafx.event.EventRedirector::redirectEvent (97 bytes)
Event: 8.023 Thread 0x000001ad5bf0f4a0 nmethod 2869 0x000001ad41196510 code [0x000001ad41196820, 0x000001ad41197a28]
Event: 8.023 Thread 0x000001ad5bf0f4a0 2874       3       java.util.concurrent.CopyOnWriteArrayList::isEmpty (13 bytes)
Event: 8.023 Thread 0x000001ad5bf0f4a0 nmethod 2874 0x000001ad41198110 code [0x000001ad411982c0, 0x000001ad411984b8]
Event: 8.023 Thread 0x000001ad5bf0f4a0 2875       3       com.sun.javafx.event.BasicEventDispatcher::dispatchCapturingEvent (2 bytes)
Event: 8.023 Thread 0x000001ad5bf0f4a0 nmethod 2875 0x000001ad41198590 code [0x000001ad41198720, 0x000001ad41198838]
Event: 8.023 Thread 0x000001ad5bf1e7e0 nmethod 2873 0x000001ad41198910 code [0x000001ad41198b60, 0x000001ad411996b8]
Event: 81.374 Thread 0x000001ad5bf0f4a0 2876       1       java.util.concurrent.atomic.AtomicInteger::get (5 bytes)
Event: 81.374 Thread 0x000001ad5bf0f4a0 nmethod 2876 0x000001ad48193690 code [0x000001ad48193820, 0x000001ad481938f8]
Event: 81.374 Thread 0x000001ad5bf0f4a0 2877       3       java.util.concurrent.ConcurrentHashMap::remove (8 bytes)
Event: 81.375 Thread 0x000001ad5bf0f4a0 nmethod 2877 0x000001ad41199a10 code [0x000001ad41199bc0, 0x000001ad41199d08]

GC Heap History (4 events):
Event: 0.640 GC heap before
{Heap before GC invocations=0 (full 0):
 garbage-first heap   total 251904K, used 20480K [0x000000070a600000, 0x0000000800000000)
  region size 2048K, 11 young (22528K), 0 survivors (0K)
 Metaspace       used 4486K, committed 4672K, reserved 1056768K
  class space    used 487K, committed 576K, reserved 1048576K
}
Event: 0.643 GC heap after
{Heap after GC invocations=1 (full 0):
 garbage-first heap   total 251904K, used 2810K [0x000000070a600000, 0x0000000800000000)
  region size 2048K, 2 young (4096K), 2 survivors (4096K)
 Metaspace       used 4486K, committed 4672K, reserved 1056768K
  class space    used 487K, committed 576K, reserved 1048576K
}
Event: 2.460 GC heap before
{Heap before GC invocations=1 (full 0):
 garbage-first heap   total 251904K, used 43770K [0x000000070a600000, 0x0000000800000000)
  region size 2048K, 21 young (43008K), 2 survivors (4096K)
 Metaspace       used 14280K, committed 14528K, reserved 1064960K
  class space    used 1938K, committed 2048K, reserved 1048576K
}
Event: 2.467 GC heap after
{Heap after GC invocations=2 (full 0):
 garbage-first heap   total 251904K, used 10033K [0x000000070a600000, 0x0000000800000000)
  region size 2048K, 3 young (6144K), 3 survivors (6144K)
 Metaspace       used 14280K, committed 14528K, reserved 1064960K
  class space    used 1938K, committed 2048K, reserved 1048576K
}

Deoptimization events (20 events):
Event: 3.519 Thread 0x000001ad5d55fa00 DEOPT PACKING pc=0x000001ad4106bfdf sp=0x00000024d6cfe080
Event: 3.519 Thread 0x000001ad5d55fa00 DEOPT UNPACKING pc=0x000001ad40532b43 sp=0x00000024d6cfd4e8 mode 0
Event: 3.519 Thread 0x000001ad5d55fa00 DEOPT PACKING pc=0x000001ad4106bfdf sp=0x00000024d6cfe080
Event: 3.519 Thread 0x000001ad5d55fa00 DEOPT UNPACKING pc=0x000001ad40532b43 sp=0x00000024d6cfd4e8 mode 0
Event: 3.519 Thread 0x000001ad5d55fa00 DEOPT PACKING pc=0x000001ad4106bfdf sp=0x00000024d6cfe080
Event: 3.519 Thread 0x000001ad5d55fa00 DEOPT UNPACKING pc=0x000001ad40532b43 sp=0x00000024d6cfd4e8 mode 0
Event: 3.519 Thread 0x000001ad5d55fa00 DEOPT PACKING pc=0x000001ad4106bfdf sp=0x00000024d6cfe080
Event: 3.519 Thread 0x000001ad5d55fa00 DEOPT UNPACKING pc=0x000001ad40532b43 sp=0x00000024d6cfd4e8 mode 0
Event: 3.519 Thread 0x000001ad5d55fa00 DEOPT PACKING pc=0x000001ad4106bfdf sp=0x00000024d6cfe080
Event: 3.519 Thread 0x000001ad5d55fa00 DEOPT UNPACKING pc=0x000001ad40532b43 sp=0x00000024d6cfd4e8 mode 0
Event: 3.519 Thread 0x000001ad5d55fa00 DEOPT PACKING pc=0x000001ad4106bfdf sp=0x00000024d6cfe080
Event: 3.519 Thread 0x000001ad5d55fa00 DEOPT UNPACKING pc=0x000001ad40532b43 sp=0x00000024d6cfd4e8 mode 0
Event: 3.519 Thread 0x000001ad5d55fa00 DEOPT PACKING pc=0x000001ad4106bfdf sp=0x00000024d6cfe080
Event: 3.519 Thread 0x000001ad5d55fa00 DEOPT UNPACKING pc=0x000001ad40532b43 sp=0x00000024d6cfd4e8 mode 0
Event: 3.519 Thread 0x000001ad5d55fa00 DEOPT PACKING pc=0x000001ad4106bfdf sp=0x00000024d6cfe080
Event: 3.519 Thread 0x000001ad5d55fa00 DEOPT UNPACKING pc=0x000001ad40532b43 sp=0x00000024d6cfd4e8 mode 0
Event: 4.259 Thread 0x000001ad5dea2c80 Uncommon trap: trap_request=0xffffffbe fr.pc=0x000001ad48177238 relative=0x00000000000006f8
Event: 4.259 Thread 0x000001ad5dea2c80 Uncommon trap: reason=profile_predicate action=maybe_recompile pc=0x000001ad48177238 method=java.lang.PublicMethods$MethodList.filter([Ljava/lang/reflect/Method;Ljava/lang/String;[Ljava/lang/Class;Z)Ljava/lang/PublicMethods$MethodList; @ 21 c2
Event: 4.259 Thread 0x000001ad5dea2c80 DEOPT PACKING pc=0x000001ad48177238 sp=0x00000024d70f49f0
Event: 4.259 Thread 0x000001ad5dea2c80 DEOPT UNPACKING pc=0x000001ad405323a3 sp=0x00000024d70f49a8 mode 2

Classes unloaded (0 events):
No events

Classes redefined (0 events):
No events

Internal exceptions (20 events):
Event: 0.877 Thread 0x000001ad5dea2c80 Exception <a 'java/lang/NoSuchMethodError'{0x0000000718bd2dd8}: 'void java.lang.invoke.DirectMethodHandle$Holder.invokeStaticInit(java.lang.Object, java.lang.Object)'> (0x0000000718bd2dd8) 
thrown [t:\workspace\open\src\hotspot\share\interpreter\linkResolver.cpp, line 766]
Event: 0.903 Thread 0x000001ad5dea2c80 Exception <a 'sun/nio/fs/WindowsException'{0x0000000718903238}> (0x0000000718903238) 
thrown [t:\workspace\open\src\hotspot\share\prims\jni.cpp, line 516]
Event: 0.973 Thread 0x000001ad5dea2c80 Implicit null exception at 0x000001ad4810979e to 0x000001ad4810a8d4
Event: 0.983 Thread 0x000001ad5dea2c80 Implicit null exception at 0x000001ad4810088d to 0x000001ad48100e58
Event: 1.132 Thread 0x000001ad5dea2c80 Exception <a 'java/lang/NoSuchMethodError'{0x0000000717a16108}: 'java.lang.Object java.lang.invoke.DirectMethodHandle$Holder.invokeInterface(java.lang.Object, java.lang.Object, java.lang.Object)'> (0x0000000717a16108) 
thrown [t:\workspace\open\src\hotspot\share\interpreter\linkResolver.cpp, line 766]
Event: 1.132 Thread 0x000001ad5dea2c80 Exception <a 'java/lang/IncompatibleClassChangeError'{0x0000000717a19a90}: Found class java.lang.Object, but interface was expected> (0x0000000717a19a90) 
thrown [t:\workspace\open\src\hotspot\share\interpreter\linkResolver.cpp, line 833]
Event: 1.187 Thread 0x000001ad5dea2c80 Exception <a 'java/lang/NoSuchMethodError'{0x0000000717bbf0e8}: 'java.lang.Object java.lang.invoke.DirectMethodHandle$Holder.newInvokeSpecial(java.lang.Object, java.lang.Object, int)'> (0x0000000717bbf0e8) 
thrown [t:\workspace\open\src\hotspot\share\interpreter\linkResolver.cpp, line 766]
Event: 1.214 Thread 0x000001ad5d55fa00 Exception <a 'java/lang/NoSuchMethodError'{0x000000071781be48}: 'int java.lang.invoke.DirectMethodHandle$Holder.invokeStaticInit(java.lang.Object, java.lang.Object)'> (0x000000071781be48) 
thrown [t:\workspace\open\src\hotspot\share\interpreter\linkResolver.cpp, line 766]
Event: 2.320 Thread 0x000001ad5dea2c80 Exception <a 'java/lang/NoSuchMethodError'{0x000000071745cd80}: 'long java.lang.invoke.DirectMethodHandle$Holder.invokeStatic(java.lang.Object, java.lang.Object, java.lang.Object)'> (0x000000071745cd80) 
thrown [t:\workspace\open\src\hotspot\share\interpreter\linkResolver.cpp, line 766]
Event: 2.320 Thread 0x000001ad5dea2c80 Exception <a 'java/lang/NoSuchMethodError'{0x0000000717460528}: 'long java.lang.invoke.DirectMethodHandle$Holder.invokeStaticInit(java.lang.Object, java.lang.Object, java.lang.Object)'> (0x0000000717460528) 
thrown [t:\workspace\open\src\hotspot\share\interpreter\linkResolver.cpp, line 766]
Event: 2.322 Thread 0x000001ad5dea2c80 Exception <a 'java/lang/NoSuchMethodError'{0x0000000717478390}: 'java.lang.Object java.lang.invoke.DirectMethodHandle$Holder.newInvokeSpecial(java.lang.Object, java.lang.Object, long)'> (0x0000000717478390) 
thrown [t:\workspace\open\src\hotspot\share\interpreter\linkResolver.cpp, line 766]
Event: 2.322 Thread 0x000001ad5dea2c80 Exception <a 'java/lang/NoSuchMethodError'{0x000000071747bf00}: 'java.lang.Object java.lang.invoke.Invokers$Holder.linkToTargetMethod(java.lang.Object, long, java.lang.Object)'> (0x000000071747bf00) 
thrown [t:\workspace\open\src\hotspot\share\interpreter\linkResolver.cpp, line 766]
Event: 2.445 Thread 0x000001ad5dea2c80 Exception <a 'java/lang/ClassNotFoundException'{0x0000000717324c30}: com/sun/javafx/scene/control/skin/resources/controls> (0x0000000717324c30) 
thrown [t:\workspace\open\src\hotspot\share\prims\jni.cpp, line 535]
Event: 2.445 Thread 0x000001ad5dea2c80 Exception <a 'java/lang/ClassNotFoundException'{0x00000007173333b8}: com/sun/javafx/scene/control/skin/resources/controls_nl> (0x00000007173333b8) 
thrown [t:\workspace\open\src\hotspot\share\prims\jni.cpp, line 535]
Event: 2.445 Thread 0x000001ad5dea2c80 Exception <a 'java/lang/ClassNotFoundException'{0x00000007173348f0}: com/sun/javafx/scene/control/skin/resources/controls_nl_NL> (0x00000007173348f0) 
thrown [t:\workspace\open\src\hotspot\share\prims\jni.cpp, line 535]
Event: 2.481 Thread 0x000001ad5dea2c80 Exception <a 'java/lang/NoSuchMethodError'{0x0000000719a9b9d8}: 'void java.lang.invoke.DirectMethodHandle$Holder.invokeSpecial(java.lang.Object, java.lang.Object, java.lang.Object, java.lang.Object, java.lang.Object, java.lang.Object)'> (0x0000000719a9b9d8) 
thrown [t:\workspace\open\src\hotspot\share\interpreter\linkResolver.cpp, line 766]
Event: 4.264 Thread 0x000001ad5dea2c80 Exception <a 'java/lang/ClassCastException'{0x0000000718c4a400}: class javafx.scene.control.Button cannot be cast to class javafx.scene.control.TreeTableColumn (javafx.scene.control.Button and javafx.scene.control.TreeTableColumn are in module javafx.controls of loader 'app')> (0x0000000718c4a400) 
thrown [t:\workspace\open\src\hotspot\share\interpreter\interpreterRuntime.cpp, line 444]
Event: 4.268 Thread 0x000001ad5dea2c80 Exception <a 'java/lang/ClassCastException'{0x0000000718c8cba8}: class javafx.scene.control.Button cannot be cast to class javafx.scene.control.TreeTableColumn (javafx.scene.control.Button and javafx.scene.control.TreeTableColumn are in module javafx.controls of loader 'app')> (0x0000000718c8cba8) 
thrown [t:\workspace\open\src\hotspot\share\interpreter\interpreterRuntime.cpp, line 444]
Event: 4.299 Thread 0x000001ad5dea2c80 Exception <a 'java/lang/ClassCastException'{0x0000000718a283f8}: class javafx.scene.control.Button cannot be cast to class javafx.scene.control.TableColumnBase (javafx.scene.control.Button and javafx.scene.control.TableColumnBase are in module javafx.controls of loader 'app')> (0x0000000718a283f8) 
thrown [t:\workspace\open\src\hotspot\share\interpreter\interpreterRuntime.cpp, line 444]
Event: 4.299 Thread 0x000001ad5dea2c80 Exception <a 'java/lang/reflect/InvocationTargetException'{0x0000000718a296b8}> (0x0000000718a296b8) 
thrown [t:\workspace\open\src\hotspot\share\runtime\reflection.cpp, line 1121]

VM Operations (20 events):
Event: 0.827 Executing VM operation: HandshakeAllThreads done
Event: 1.103 Executing VM operation: ICBufferFull
Event: 1.103 Executing VM operation: ICBufferFull done
Event: 2.103 Executing VM operation: Cleanup
Event: 2.104 Executing VM operation: Cleanup done
Event: 2.460 Executing VM operation: G1CollectForAllocation
Event: 2.467 Executing VM operation: G1CollectForAllocation done
Event: 3.519 Executing VM operation: ICBufferFull
Event: 3.520 Executing VM operation: ICBufferFull done
Event: 4.291 Executing VM operation: HandshakeAllThreads
Event: 4.291 Executing VM operation: HandshakeAllThreads done
Event: 5.291 Executing VM operation: Cleanup
Event: 5.291 Executing VM operation: Cleanup done
Event: 7.292 Executing VM operation: Cleanup
Event: 7.292 Executing VM operation: Cleanup done
Event: 8.292 Executing VM operation: Cleanup
Event: 8.293 Executing VM operation: Cleanup done
Event: 13.294 Executing VM operation: Cleanup
Event: 13.294 Executing VM operation: Cleanup done
Event: 81.375 Executing VM operation: Exit

Events (20 events):
Event: 4.256 loading class sun/reflect/generics/tree/Wildcard
Event: 4.256 loading class sun/reflect/generics/tree/Wildcard done
Event: 4.256 loading class sun/reflect/generics/reflectiveObjects/WildcardTypeImpl
Event: 4.256 loading class java/lang/reflect/WildcardType
Event: 4.256 loading class java/lang/reflect/WildcardType done
Event: 4.256 loading class sun/reflect/generics/reflectiveObjects/WildcardTypeImpl done
Event: 4.265 loading class java/lang/Throwable$WrappedPrintStream
Event: 4.265 loading class java/lang/Throwable$PrintStreamOrWriter
Event: 4.265 loading class java/lang/Throwable$PrintStreamOrWriter done
Event: 4.265 loading class java/lang/Throwable$WrappedPrintStream done
Event: 6.912 Thread 0x000001ad5ca99980 Thread exited: 0x000001ad5ca99980
Event: 7.061 Thread 0x000001ad5ca74260 Thread exited: 0x000001ad5ca74260
Event: 13.023 Thread 0x000001ad5bf1e7e0 Thread exited: 0x000001ad5bf1e7e0
Event: 81.372 loading class jdk/internal/misc/Signal$1
Event: 81.372 loading class jdk/internal/misc/Signal$1 done
Event: 81.373 Thread 0x000001ad5e7405d0 Thread added: 0x000001ad5e7405d0
Event: 81.373 Thread 0x000001ad5e73e420 Thread added: 0x000001ad5e73e420
Event: 81.373 Thread 0x000001ad5e73e8f0 Thread added: 0x000001ad5e73e8f0
Event: 81.374 Thread 0x000001ad5e73e8f0 Thread exited: 0x000001ad5e73e8f0
Event: 81.374 Thread 0x000001ad5e73e420 Thread exited: 0x000001ad5e73e420


Dynamic libraries:
0x00007ff6a9230000 - 0x00007ff6a9240000 	C:\Program Files\Java\jdk-17.0.2\bin\java.exe
0x00007ff899450000 - 0x00007ff899645000 	C:\windows\SYSTEM32\ntdll.dll
0x00007ff898f70000 - 0x00007ff89902e000 	C:\windows\System32\KERNEL32.DLL
0x00007ff897020000 - 0x00007ff8972e8000 	C:\windows\System32\KERNELBASE.dll
0x00007ff896c30000 - 0x00007ff896d30000 	C:\windows\System32\ucrtbase.dll
0x00007ff887d60000 - 0x00007ff887d78000 	C:\Program Files\Java\jdk-17.0.2\bin\jli.dll
0x00007ff887ce0000 - 0x00007ff887cfa000 	C:\Program Files\Java\jdk-17.0.2\bin\VCRUNTIME140.dll
0x00007ff8974a0000 - 0x00007ff89754e000 	C:\windows\System32\ADVAPI32.dll
0x00007ff899110000 - 0x00007ff8991ae000 	C:\windows\System32\msvcrt.dll
0x00007ff899370000 - 0x00007ff89940c000 	C:\windows\System32\sechost.dll
0x00007ff899240000 - 0x00007ff899365000 	C:\windows\System32\RPCRT4.dll
0x00007ff898400000 - 0x00007ff8985a0000 	C:\windows\System32\USER32.dll
0x00007ff896c00000 - 0x00007ff896c22000 	C:\windows\System32\win32u.dll
0x00007ff88e6c0000 - 0x00007ff88e95a000 	C:\windows\WinSxS\amd64_microsoft.windows.common-controls_6595b64144ccf1df_6.0.19041.1110_none_60b5254171f9507e\COMCTL32.dll
0x00007ff898720000 - 0x00007ff89874b000 	C:\windows\System32\GDI32.dll
0x00007ff8972f0000 - 0x00007ff8973fd000 	C:\windows\System32\gdi32full.dll
0x00007ff896b60000 - 0x00007ff896bfd000 	C:\windows\System32\msvcp_win.dll
0x00007ff88f2c0000 - 0x00007ff88f2ca000 	C:\windows\SYSTEM32\VERSION.dll
0x00007ff898610000 - 0x00007ff898640000 	C:\windows\System32\IMM32.DLL
0x00007ff890a60000 - 0x00007ff890a6c000 	C:\Program Files\Java\jdk-17.0.2\bin\vcruntime140_1.dll
0x00007ff86e730000 - 0x00007ff86e7bd000 	C:\Program Files\Java\jdk-17.0.2\bin\msvcp140.dll
0x00007ff83e900000 - 0x00007ff83f4c1000 	C:\Program Files\Java\jdk-17.0.2\bin\server\jvm.dll
0x00007ff8983f0000 - 0x00007ff8983f8000 	C:\windows\System32\PSAPI.DLL
0x00007ff88a080000 - 0x00007ff88a0a7000 	C:\windows\SYSTEM32\WINMM.dll
0x00007ff879d70000 - 0x00007ff879d79000 	C:\windows\SYSTEM32\WSOCK32.dll
0x00007ff8985a0000 - 0x00007ff89860b000 	C:\windows\System32\WS2_32.dll
0x00007ff8953a0000 - 0x00007ff8953b2000 	C:\windows\SYSTEM32\kernel.appcore.dll
0x00007ff8909e0000 - 0x00007ff8909ea000 	C:\Program Files\Java\jdk-17.0.2\bin\jimage.dll
0x00007ff895150000 - 0x00007ff895334000 	C:\windows\SYSTEM32\DBGHELP.DLL
0x00007ff8880d0000 - 0x00007ff8880fc000 	C:\windows\SYSTEM32\dbgcore.DLL
0x00007ff896de0000 - 0x00007ff896e62000 	C:\windows\System32\bcryptPrimitives.dll
0x00007ff88f730000 - 0x00007ff88f73e000 	C:\Program Files\Java\jdk-17.0.2\bin\instrument.dll
0x00007ff881f20000 - 0x00007ff881f45000 	C:\Program Files\Java\jdk-17.0.2\bin\java.dll
0x00007ff863a90000 - 0x00007ff863b66000 	C:\Program Files\Java\jdk-17.0.2\bin\jsvml.dll
0x00007ff897c40000 - 0x00007ff898384000 	C:\windows\System32\SHELL32.dll
0x00007ff8949b0000 - 0x00007ff895144000 	C:\windows\SYSTEM32\windows.storage.dll
0x00007ff898c10000 - 0x00007ff898f65000 	C:\windows\System32\combase.dll
0x00007ff8965b0000 - 0x00007ff8965de000 	C:\windows\SYSTEM32\Wldp.dll
0x00007ff8975b0000 - 0x00007ff89765d000 	C:\windows\System32\SHCORE.dll
0x00007ff898390000 - 0x00007ff8983e5000 	C:\windows\System32\shlwapi.dll
0x00007ff896aa0000 - 0x00007ff896abf000 	C:\windows\SYSTEM32\profapi.dll
0x00007ff882c80000 - 0x00007ff882c99000 	C:\Program Files\Java\jdk-17.0.2\bin\net.dll
0x00007ff8919d0000 - 0x00007ff891adc000 	C:\windows\SYSTEM32\WINHTTP.dll
0x00007ff8962a0000 - 0x00007ff89630a000 	C:\windows\system32\mswsock.dll
0x00007ff8816a0000 - 0x00007ff8816b6000 	C:\Program Files\Java\jdk-17.0.2\bin\nio.dll
0x00007ff87fca0000 - 0x00007ff87fcb8000 	C:\Program Files\Java\jdk-17.0.2\bin\zip.dll
0x00007ff879b30000 - 0x00007ff879b4a000 	C:\Program Files\JetBrains\IntelliJ IDEA 2021.3.2\bin\breakgen64.dll
0x000001ad5bf40000 - 0x000001ad5bf43000 	C:\Users\wdrss\.openjfx\cache\17.0.1\api-ms-win-core-console-l1-1-0.dll
0x000001ad5bf50000 - 0x000001ad5bf53000 	C:\Users\wdrss\.openjfx\cache\17.0.1\api-ms-win-core-console-l1-2-0.dll
0x000001ad5bf60000 - 0x000001ad5bf63000 	C:\Users\wdrss\.openjfx\cache\17.0.1\api-ms-win-core-datetime-l1-1-0.dll
0x000001ad5bf70000 - 0x000001ad5bf73000 	C:\Users\wdrss\.openjfx\cache\17.0.1\api-ms-win-core-debug-l1-1-0.dll
0x000001ad5bf80000 - 0x000001ad5bf83000 	C:\Users\wdrss\.openjfx\cache\17.0.1\api-ms-win-core-errorhandling-l1-1-0.dll
0x000001ad5bf90000 - 0x000001ad5bf94000 	C:\Users\wdrss\.openjfx\cache\17.0.1\api-ms-win-core-file-l1-1-0.dll
0x000001ad5bfa0000 - 0x000001ad5bfa3000 	C:\Users\wdrss\.openjfx\cache\17.0.1\api-ms-win-core-file-l1-2-0.dll
0x000001ad5bfb0000 - 0x000001ad5bfb3000 	C:\Users\wdrss\.openjfx\cache\17.0.1\api-ms-win-core-file-l2-1-0.dll
0x000001ad5bfc0000 - 0x000001ad5bfc3000 	C:\Users\wdrss\.openjfx\cache\17.0.1\api-ms-win-core-handle-l1-1-0.dll
0x000001ad5bfd0000 - 0x000001ad5bfd3000 	C:\Users\wdrss\.openjfx\cache\17.0.1\api-ms-win-core-heap-l1-1-0.dll
0x000001ad5bfe0000 - 0x000001ad5bfe3000 	C:\Users\wdrss\.openjfx\cache\17.0.1\api-ms-win-core-interlocked-l1-1-0.dll
0x000001ad5bff0000 - 0x000001ad5bff3000 	C:\Users\wdrss\.openjfx\cache\17.0.1\api-ms-win-core-libraryloader-l1-1-0.dll
0x000001ad5f4c0000 - 0x000001ad5f4c3000 	C:\Users\wdrss\.openjfx\cache\17.0.1\api-ms-win-core-localization-l1-2-0.dll
0x000001ad5f4d0000 - 0x000001ad5f4d3000 	C:\Users\wdrss\.openjfx\cache\17.0.1\api-ms-win-core-memory-l1-1-0.dll
0x000001ad5f600000 - 0x000001ad5f603000 	C:\Users\wdrss\.openjfx\cache\17.0.1\api-ms-win-core-namedpipe-l1-1-0.dll
0x000001ad5f610000 - 0x000001ad5f613000 	C:\Users\wdrss\.openjfx\cache\17.0.1\api-ms-win-core-processenvironment-l1-1-0.dll
0x000001ad5f620000 - 0x000001ad5f623000 	C:\Users\wdrss\.openjfx\cache\17.0.1\api-ms-win-core-processthreads-l1-1-0.dll
0x000001ad5f630000 - 0x000001ad5f633000 	C:\Users\wdrss\.openjfx\cache\17.0.1\api-ms-win-core-processthreads-l1-1-1.dll
0x000001ad5f640000 - 0x000001ad5f643000 	C:\Users\wdrss\.openjfx\cache\17.0.1\api-ms-win-core-profile-l1-1-0.dll
0x000001ad5f650000 - 0x000001ad5f653000 	C:\Users\wdrss\.openjfx\cache\17.0.1\api-ms-win-core-rtlsupport-l1-1-0.dll
0x000001ad5f660000 - 0x000001ad5f663000 	C:\Users\wdrss\.openjfx\cache\17.0.1\api-ms-win-core-string-l1-1-0.dll
0x000001ad5f5f0000 - 0x000001ad5f5f3000 	C:\Users\wdrss\.openjfx\cache\17.0.1\api-ms-win-core-synch-l1-1-0.dll
0x000001ad5f7a0000 - 0x000001ad5f7a3000 	C:\Users\wdrss\.openjfx\cache\17.0.1\api-ms-win-core-synch-l1-2-0.dll
0x000001ad5f7b0000 - 0x000001ad5f7b3000 	C:\Users\wdrss\.openjfx\cache\17.0.1\api-ms-win-core-sysinfo-l1-1-0.dll
0x000001ad5f7c0000 - 0x000001ad5f7c3000 	C:\Users\wdrss\.openjfx\cache\17.0.1\api-ms-win-core-timezone-l1-1-0.dll
0x000001ad5f7d0000 - 0x000001ad5f7d3000 	C:\Users\wdrss\.openjfx\cache\17.0.1\api-ms-win-core-util-l1-1-0.dll
0x000001ad5f7e0000 - 0x000001ad5f7e3000 	C:\Users\wdrss\.openjfx\cache\17.0.1\api-ms-win-crt-conio-l1-1-0.dll
0x000001ad5f7f0000 - 0x000001ad5f7f4000 	C:\Users\wdrss\.openjfx\cache\17.0.1\api-ms-win-crt-convert-l1-1-0.dll
0x000001ad5f800000 - 0x000001ad5f803000 	C:\Users\wdrss\.openjfx\cache\17.0.1\api-ms-win-crt-environment-l1-1-0.dll
0x000001ad5f810000 - 0x000001ad5f813000 	C:\Users\wdrss\.openjfx\cache\17.0.1\api-ms-win-crt-filesystem-l1-1-0.dll
0x000001ad5f820000 - 0x000001ad5f823000 	C:\Users\wdrss\.openjfx\cache\17.0.1\api-ms-win-crt-heap-l1-1-0.dll
0x000001ad5f830000 - 0x000001ad5f833000 	C:\Users\wdrss\.openjfx\cache\17.0.1\api-ms-win-crt-locale-l1-1-0.dll
0x000001ad5f840000 - 0x000001ad5f845000 	C:\Users\wdrss\.openjfx\cache\17.0.1\api-ms-win-crt-math-l1-1-0.dll
0x000001ad5f850000 - 0x000001ad5f855000 	C:\Users\wdrss\.openjfx\cache\17.0.1\api-ms-win-crt-multibyte-l1-1-0.dll
0x000001ad5f860000 - 0x000001ad5f870000 	C:\Users\wdrss\.openjfx\cache\17.0.1\api-ms-win-crt-private-l1-1-0.dll
0x000001ad5f4e0000 - 0x000001ad5f4e3000 	C:\Users\wdrss\.openjfx\cache\17.0.1\api-ms-win-crt-process-l1-1-0.dll
0x000001ad5f4f0000 - 0x000001ad5f4f4000 	C:\Users\wdrss\.openjfx\cache\17.0.1\api-ms-win-crt-runtime-l1-1-0.dll
0x000001ad5f500000 - 0x000001ad5f504000 	C:\Users\wdrss\.openjfx\cache\17.0.1\api-ms-win-crt-stdio-l1-1-0.dll
0x000001ad5f510000 - 0x000001ad5f514000 	C:\Users\wdrss\.openjfx\cache\17.0.1\api-ms-win-crt-string-l1-1-0.dll
0x000001ad5f520000 - 0x000001ad5f523000 	C:\Users\wdrss\.openjfx\cache\17.0.1\api-ms-win-crt-time-l1-1-0.dll
0x000001ad5f530000 - 0x000001ad5f533000 	C:\Users\wdrss\.openjfx\cache\17.0.1\api-ms-win-crt-utility-l1-1-0.dll
0x00007ff861bf0000 - 0x00007ff861cec000 	C:\Users\wdrss\.openjfx\cache\17.0.1\ucrtbase.dll
0x00007ff875ca0000 - 0x00007ff875cba000 	C:\Users\wdrss\.openjfx\cache\17.0.1\vcruntime140.dll
0x00007ff88f1b0000 - 0x00007ff88f1bc000 	C:\Users\wdrss\.openjfx\cache\17.0.1\vcruntime140_1.dll
0x00007ff8618e0000 - 0x00007ff86196d000 	C:\Users\wdrss\.openjfx\cache\17.0.1\msvcp140.dll
0x00007ff8758e0000 - 0x00007ff87590a000 	C:\Users\wdrss\.openjfx\cache\17.0.1\prism_d3d.dll
0x00007ff85c0d0000 - 0x00007ff85c2a0000 	C:\windows\system32\d3d9.dll
0x00007ff894400000 - 0x00007ff89442f000 	C:\windows\SYSTEM32\dwmapi.dll
0x00007ff8941f0000 - 0x00007ff89428e000 	C:\windows\system32\uxtheme.dll
0x00007ff889c50000 - 0x00007ff889e2b000 	C:\windows\System32\DriverStore\FileRepository\u0364701.inf_amd64_ca396d1944af3dbf\B364780\aticfx64.dll
0x00007ff892680000 - 0x00007ff8926b3000 	C:\windows\System32\DriverStore\FileRepository\u0364701.inf_amd64_ca396d1944af3dbf\B364780\atiu9p64.dll
0x00007ff857010000 - 0x00007ff857d31000 	C:\windows\System32\DriverStore\FileRepository\u0364701.inf_amd64_ca396d1944af3dbf\B364780\atiumd64.dll
0x00007ff8988d0000 - 0x00007ff8989fa000 	C:\windows\System32\ole32.dll
0x000000006c1a0000 - 0x000000006d062000 	C:\windows\System32\DriverStore\FileRepository\u0364701.inf_amd64_ca396d1944af3dbf\B364780\atiumd6a.dll
0x00007ff8964b0000 - 0x00007ff8964fb000 	C:\windows\SYSTEM32\POWRPROF.dll
0x00007ff896370000 - 0x00007ff896382000 	C:\windows\SYSTEM32\UMPDC.dll
0x00007ff889e90000 - 0x00007ff889ec0000 	C:\windows\SYSTEM32\amdihk64.dll
0x00007ff8703e0000 - 0x00007ff870422000 	C:\Users\wdrss\.openjfx\cache\17.0.1\glass.dll
0x00007ff898640000 - 0x00007ff89871a000 	C:\windows\System32\COMDLG32.dll
0x00007ff898750000 - 0x00007ff89881d000 	C:\windows\System32\OLEAUT32.dll
0x00007ff897660000 - 0x00007ff897776000 	C:\windows\System32\MSCTF.dll
0x00007ff88c550000 - 0x00007ff88c58b000 	C:\windows\SYSTEM32\dxcore.dll
0x00007ff896e70000 - 0x00007ff896ebe000 	C:\windows\System32\cfgmgr32.dll
0x00007ff875c30000 - 0x00007ff875c44000 	C:\Users\wdrss\.openjfx\cache\17.0.1\javafx_font.dll
0x00007ff882ef0000 - 0x00007ff883173000 	C:\windows\SYSTEM32\dwrite.dll
0x00007ff898820000 - 0x00007ff8988c9000 	C:\windows\System32\clbcatq.dll
0x00007ff88fe30000 - 0x00007ff88ffe4000 	C:\windows\SYSTEM32\WindowsCodecs.dll
0x00007ff897470000 - 0x00007ff897497000 	C:\windows\System32\bcrypt.dll
0x00007ff86f010000 - 0x00007ff86f04e000 	C:\windows\system32\dataexchange.dll
0x00007ff893520000 - 0x00007ff893705000 	C:\windows\system32\dcomp.dll
0x00007ff892cf0000 - 0x00007ff892f54000 	C:\windows\system32\d3d11.dll
0x00007ff895420000 - 0x00007ff895514000 	C:\windows\system32\dxgi.dll
0x00007ff88fac0000 - 0x00007ff88fcc1000 	C:\windows\system32\twinapi.appcore.dll
0x00007ff875e10000 - 0x00007ff875e44000 	C:\Program Files\Common Files\Microsoft Shared\Ink\rtscom.dll
0x00007ff888720000 - 0x00007ff888819000 	C:\windows\SYSTEM32\textinputframework.dll
0x00007ff893df0000 - 0x00007ff893ee2000 	C:\windows\System32\CoreMessaging.dll
0x00007ff893710000 - 0x00007ff893a6e000 	C:\windows\System32\CoreUIComponents.dll
0x00007ff895820000 - 0x00007ff895853000 	C:\windows\SYSTEM32\ntmarta.dll
0x00007ff892730000 - 0x00007ff892884000 	C:\windows\SYSTEM32\wintypes.dll

dbghelp: loaded successfully - version: 4.0.5 - missing functions: none
symbol engine: initialized successfully - sym options: 0x614 - pdb path: .;C:\Program Files\Java\jdk-17.0.2\bin;C:\windows\SYSTEM32;C:\windows\WinSxS\amd64_microsoft.windows.common-controls_6595b64144ccf1df_6.0.19041.1110_none_60b5254171f9507e;C:\Program Files\Java\jdk-17.0.2\bin\server;C:\Program Files\JetBrains\IntelliJ IDEA 2021.3.2\bin;C:\Users\wdrss\.openjfx\cache\17.0.1;C:\windows\System32\DriverStore\FileRepository\u0364701.inf_amd64_ca396d1944af3dbf\B364780;C:\Program Files\Common Files\Microsoft Shared\Ink

VM Arguments:
jvm_args: -javaagent:C:\Program Files\JetBrains\IntelliJ IDEA 2021.3.2\lib\idea_rt.jar=63497:C:\Program Files\JetBrains\IntelliJ IDEA 2021.3.2\bin -Dfile.encoding=UTF-8 --module-path=C:\Users\wdrss\.m2\repository\com\dlsc\formsfx\formsfx-core\11.3.2\formsfx-core-11.3.2.jar;C:\Users\wdrss\.m2\repository\org\kordamp\ikonli\ikonli-core\12.2.0\ikonli-core-12.2.0.jar;C:\Users\wdrss\.m2\repository\org\openjfx\javafx-graphics\17.0.1\javafx-graphics-17.0.1-win.jar;C:\Users\wdrss\.m2\repository\org\openjfx\javafx-controls\17.0.1\javafx-controls-17.0.1-win.jar;C:\Users\wdrss\.m2\repository\org\openjfx\javafx-base\17.0.1\javafx-base-17.0.1-win.jar;C:\Users\wdrss\.m2\repository\org\openjfx\javafx-media\17.0.1\javafx-media-17.0.1-win.jar;C:\Users\wdrss\.m2\repository\org\kordamp\ikonli\ikonli-javafx\12.2.0\ikonli-javafx-12.2.0.jar;C:\Users\wdrss\SDGroupProject\target\classes;C:\Users\wdrss\.m2\repository\org\controlsfx\controlsfx\11.1.0\controlsfx-11.1.0.jar;C:\Users\wdrss\.m2\repository\org\openjfx\javafx-fxml\17.0.1\javafx-fxml-17.0.1-win.jar;C:\Users\wdrss\.m2\repository\org\openjfx\javafx-web\17.0.1\javafx-web-17.0.1-win.jar;C:\Users\wdrss\.m2\repository\net\synedra\validatorfx\0.1.13\validatorfx-0.1.13.jar;C:\Users\wdrss\.m2\repository\eu\hansolo\tilesfx\11.48\tilesfx-11.48.jar;C:\Users\wdrss\.m2\repository\org\kordamp\bootstrapfx\bootstrapfx-core\0.4.0\bootstrapfx-core-0.4.0.jar -Djdk.module.main=com.example.sdgroupproject 
java_command: com.example.sdgroupproject/com.example.sdgroupproject.Application
java_class_path (initial): C:\Users\wdrss\.m2\repository\org\openjfx\javafx-controls\17.0.1\javafx-controls-17.0.1.jar;C:\Users\wdrss\.m2\repository\org\openjfx\javafx-graphics\17.0.1\javafx-graphics-17.0.1.jar;C:\Users\wdrss\.m2\repository\org\openjfx\javafx-base\17.0.1\javafx-base-17.0.1.jar;C:\Users\wdrss\.m2\repository\org\openjfx\javafx-fxml\17.0.1\javafx-fxml-17.0.1.jar;C:\Users\wdrss\.m2\repository\org\openjfx\javafx-web\17.0.1\javafx-web-17.0.1.jar;C:\Users\wdrss\.m2\repository\org\openjfx\javafx-media\17.0.1\javafx-media-17.0.1.jar;C:\Users\wdrss\Downloads\fontawesomefx-8.9.jar
Launcher Type: SUN_STANDARD

[Global flags]
     intx CICompilerCount                          = 12                                        {product} {ergonomic}
     uint ConcGCThreads                            = 3                                         {product} {ergonomic}
     uint G1ConcRefinementThreads                  = 13                                        {product} {ergonomic}
   size_t G1HeapRegionSize                         = 2097152                                   {product} {ergonomic}
    uintx GCDrainStackTargetSize                   = 64                                        {product} {ergonomic}
   size_t InitialHeapSize                          = 257949696                                 {product} {ergonomic}
   size_t MarkStackSize                            = 4194304                                   {product} {ergonomic}
   size_t MaxHeapSize                              = 4120903680                                {product} {ergonomic}
   size_t MaxNewSize                               = 2472542208                                {product} {ergonomic}
   size_t MinHeapDeltaBytes                        = 2097152                                   {product} {ergonomic}
   size_t MinHeapSize                              = 8388608                                   {product} {ergonomic}
    uintx NonNMethodCodeHeapSize                   = 7602480                                {pd product} {ergonomic}
    uintx NonProfiledCodeHeapSize                  = 122027880                              {pd product} {ergonomic}
    uintx ProfiledCodeHeapSize                     = 122027880                              {pd product} {ergonomic}
    uintx ReservedCodeCacheSize                    = 251658240                              {pd product} {ergonomic}
     bool SegmentedCodeCache                       = true                                      {product} {ergonomic}
   size_t SoftMaxHeapSize                          = 4120903680                             {manageable} {ergonomic}
     bool UseCompressedClassPointers               = true                           {product lp64_product} {ergonomic}
     bool UseCompressedOops                        = true                           {product lp64_product} {ergonomic}
     bool UseG1GC                                  = true                                      {product} {ergonomic}
     bool UseLargePagesIndividualAllocation        = false                                  {pd product} {ergonomic}

Logging:
Log output configuration:
 #0: stdout all=off uptime,level,tags
 #1: stderr all=off uptime,level,tags

Environment Variables:
PATH=C:\Program Files\Common Files\Oracle\Java\javapath;C:\windows\system32;C:\windows;C:\windows\System32\Wbem;C:\windows\System32\WindowsPowerShell\v1.0\;C:\windows\System32\OpenSSH\;C:\Program Files\Git\cmd;C:\Program Files\dotnet\;C:\Users\wdrss\AppData\Local\Microsoft\WindowsApps;;C:\Program Files\JetBrains\IntelliJ IDEA 2021.3.2\bin;
USERNAME=wdrss
OS=Windows_NT
PROCESSOR_IDENTIFIER=AMD64 Family 23 Model 104 Stepping 1, AuthenticAMD



---------------  S Y S T E M  ---------------

OS:
 Windows 10 , 64 bit Build 19041 (10.0.19041.1503)
OS uptime: 29 days 17:08 hours
Hyper-V role detected

CPU: total 16 (initial active 16) (16 cores per cpu, 2 threads per core) family 23 model 104 stepping 1 microcode 0x0, cx8, cmov, fxsr, ht, mmx, 3dnowpref, sse, sse2, sse3, ssse3, sse4a, sse4.1, sse4.2, popcnt, lzcnt, tsc, tscinvbit, avx, avx2, aes, clmul, bmi1, bmi2, adx, sha, fma, vzeroupper, clflush, clflushopt, hv

Memory: 4k page, system-wide physical 15712M (3156M free)
TotalPageFile size 42336M (AvailPageFile size 15829M)
current process WorkingSet (physical memory assigned to process): 152M, peak: 172M
current process commit charge ("private bytes"): 429M, peak: 451M

vm_info: Java HotSpot(TM) 64-Bit Server VM (17.0.2+8-LTS-86) for windows-amd64 JRE (17.0.2+8-LTS-86), built on Dec  7 2021 21:51:03 by "mach5one" with MS VC++ 16.8 / 16.9 (VS2019)

END.
